#
# A fatal error has been detected by the Java Runtime Environment:
#
#  SIGSEGV (0xb) at pc=0x000000012595f58d, pid=1694, tid=2571
#
# JRE version: Java(TM) SE Runtime Environment (8.0_45-b14) (build 1.8.0_45-b14)
# Java VM: Java HotSpot(TM) 64-Bit Server VM (25.45-b02 mixed mode bsd-amd64 compressed oops)
# Problematic frame:
# C  [libglass.dylib+0x1558d]  GlassScreenDidChangeScreenParameters+0x9d
#
# Failed to write core dump. Core dumps have been disabled. To enable core dumping, try "ulimit -c unlimited" before starting Java again
#
# If you would like to submit a bug report, please visit:
#   http://bugreport.java.com/bugreport/crash.jsp
#

---------------  T H R E A D  ---------------

Current thread is native thread

siginfo: si_signo: 11 (SIGSEGV), si_code: 1 (SEGV_MAPERR), si_addr: 0x0000000000000000

Registers:
RAX=0x0000000125991bc0, RBX=0x0000000000000000, RCX=0x0000020000000303, RDX=0x00007f87d8c738f8
RSP=0x00007fff53c66600, RBP=0x00007fff53c66610, RSI=0x00007f87d8d17400, RDI=0x0000000000000000
R8 =0x0000000000000040, R9 =0x00007fff74d6c1e0, R10=0xffffffffffffffff, R11=0x0000000000000246
R12=0x00007f87db4d2750, R13=0x00007f87d8c736a0, R14=0x00007f87d8c73760, R15=0x0000000000000000
RIP=0x000000012595f58d, EFLAGS=0x0000000000010202, ERR=0x0000000000000004
  TRAPNO=0x000000000000000e

Top of Stack: (sp=0x00007fff53c66600)
0x00007fff53c66600:   00007fff53c66658 00007f87d8c73760
0x00007fff53c66610:   00007fff53c66620 00007fff8e239c9c
0x00007fff53c66620:   00007fff53c66640 00007fff8e239c2f
0x00007fff53c66630:   0000000000000000 0000000000000000
0x00007fff53c66640:   00007fff53c666b0 00007fff8e239ba7
0x00007fff53c66650:   00007fff76f62110 00007fff76b140a0
0x00007fff53c66660:   0000000042000000 00007fff8e239bf0
0x00007fff53c66670:   00007fff7607b6f0 00007f87d8c736a0
0x00007fff53c66680:   00007f87db4d2750 00007fff53c66e58
0x00007fff53c66690:   00007fff761a86d0 00007fff53c66e58
0x00007fff53c666a0:   00007f87d8c736a0 00007fff8e5f8a02
0x00007fff53c666b0:   00007fff53c666f0 00007fff8e239912
0x00007fff53c666c0:   00007fff53c66cd0 0000000000000000
0x00007fff53c666d0:   00007fff761a86d0 00007fff53c66e58
0x00007fff53c666e0:   00007fff90b9ed40 00007fff8e5f8a02
0x00007fff53c666f0:   00007fff53c66e00 00007fff8e1f66d2
0x00007fff53c66700:   00007fff53c667b0 00007fff878b5a34
0x00007fff53c66710:   00007fff7677a610 00007f87d8c0fdd0
0x00007fff53c66720:   00007f87d9800048 00007f87d8c53e00
0x00007fff53c66730:   0000000000000000 00007f87d8c737c0
0x00007fff53c66740:   0000000000000000 0000000000000000
0x00007fff53c66750:   00007fff760b8b50 00007fff53c66cd0
0x00007fff53c66760:   0000000000000001 0000000000000100
0x00007fff53c66770:   000000010bfb6800 00007fff53c66bd0
0x00007fff53c66780:   0000000000000000 0000000000000100
0x00007fff53c66790:   00007f87dd800000 00007fff761a86d0
0x00007fff53c667a0:   0000000000000000 00007fff7607c490
0x00007fff53c667b0:   00007fff761a86d0 0000000000000000
0x00007fff53c667c0:   00007fff7607c490 00007fff761a8390
0x00007fff53c667d0:   00007f87dd82e610 00007fff761a5c30
0x00007fff53c667e0:   00007fff53c66840 00007fff8e1a7a15
0x00007fff53c667f0:   0000000100000000 0000000100000000 

Instructions: (pc=0x000000012595f58d)
0x000000012595f56d:   89 df 4c 89 f1 41 ff 90 68 04 00 00 48 8d 05 48
0x000000012595f57d:   25 03 00 48 8b 30 48 8d 05 36 26 03 00 48 8b 10
0x000000012595f58d:   48 8b 0b 30 c0 48 89 df ff 91 68 04 00 00 48 8b
0x000000012595f59d:   03 48 89 df ff 50 78 48 85 c0 74 36 49 89 c6 48 

Register to memory mapping:

RAX=0x0000000125991bc0: jScreenNotifySettingsChanged+0 in /Library/Java/JavaVirtualMachines/jdk1.8.0_45.jdk/Contents/Home/jre/lib/libglass.dylib at 0x000000012594a000
RBX=0x0000000000000000 is an unknown value
RCX=0x0000020000000303 is an unknown value
RDX=0x00007f87d8c738f8 is an unknown value
RSP=0x00007fff53c66600 is an unknown value
RBP=0x00007fff53c66610 is an unknown value
RSI=0x00007f87d8d17400 is a global jni handle
RDI=0x0000000000000000 is an unknown value
R8 =0x0000000000000040 is an unknown value
R9 =0x00007fff74d6c1e0: __sFX+0x1c0 in /usr/lib/system/libsystem_c.dylib at 0x00007fff89c54000
R10=0xffffffffffffffff is an unknown value
R11=0x0000000000000246 is an unknown value
R12=0x00007f87db4d2750 is an unknown value
R13=0x00007f87d8c736a0 is an unknown value
R14=0x00007f87d8c73760 is an unknown value
R15=0x0000000000000000 is an unknown value


Stack: [0x00007fff5346a000,0x00007fff53c6a000],  sp=0x00007fff53c66600,  free space=8177k
Native frames: (J=compiled Java code, j=interpreted, Vv=VM code, C=native code)
C  [libglass.dylib+0x1558d]  GlassScreenDidChangeScreenParameters+0x9d
C  [CoreFoundation+0xa0c9c]  __CFNOTIFICATIONCENTER_IS_CALLING_OUT_TO_AN_OBSERVER__+0xc
C  [CoreFoundation+0xa0c2f]  ___CFXRegistrationPost_block_invoke+0x3f
C  [CoreFoundation+0xa0ba7]  _CFXRegistrationPost+0x197
C  [CoreFoundation+0xa0912]  ___CFXNotificationPost_block_invoke+0x32
C  [CoreFoundation+0x5d6d2]  -[_CFXNotificationRegistrar find:object:observer:enumerator:]+0x782
C  [CoreFoundation+0x5c925]  _CFXNotificationPost+0x2b5
C  [Foundation+0x70fa]  -[NSNotificationCenter postNotificationName:object:userInfo:]+0x42
C  [AppKit+0x41da66]  -[NSApplication _reactToScreenInvalidationImmediately:]+0x17f
C  [AppKit+0x41d8b7]  __44-[NSApplication _reactToScreenInvalidation:]_block_invoke+0x3b
C  [CoreFoundation+0xaa4dc]  __CFRUNLOOP_IS_CALLING_OUT_TO_A_BLOCK__+0xc
C  [CoreFoundation+0x89df5]  __CFRunLoopDoBlocks+0x155
C  [CoreFoundation+0x89b5b]  __CFRunLoopRun+0x92b
C  [CoreFoundation+0x88fc8]  CFRunLoopRunSpecific+0x128
C  [java+0x6490]  CreateExecutionEnvironment+0x367
C  [java+0x221c]  JLI_Launch+0x7a0
C  [java+0x84ed]  main+0x65
C  [java+0x1a74]  start+0x34


---------------  P R O C E S S  ---------------

VM state:not at safepoint (normal execution)

VM Mutex/Monitor currently owned by a thread: None

Heap:
 PSYoungGen      total 70656K, used 27312K [0x0000000795580000, 0x000000079d580000, 0x00000007c0000000)
  eden space 61952K, 44% used [0x0000000795580000,0x000000079702c060,0x0000000799200000)
  from space 8704K, 0% used [0x0000000799b80000,0x0000000799b80000,0x000000079a400000)
  to   space 9728K, 0% used [0x0000000799200000,0x0000000799200000,0x0000000799b80000)
 ParOldGen       total 76288K, used 12026K [0x0000000740000000, 0x0000000744a80000, 0x0000000795580000)
  object space 76288K, 15% used [0x0000000740000000,0x0000000740bbe808,0x0000000744a80000)
 Metaspace       used 37811K, capacity 39316K, committed 39424K, reserved 1083392K
  class space    used 5508K, capacity 5817K, committed 5888K, reserved 1048576K

Card table byte_map: [0x000000011cdc9000,0x000000011d1ca000] byte_map_base: 0x00000001193c9000

Marking Bits: (ParMarkBitMap*) 0x000000010cb067a0
 Begin Bits: [0x000000011d475000, 0x000000011f475000)
 End Bits:   [0x000000011f475000, 0x0000000121475000)

Polling page: 0x000000010d1f0000

CodeCache: size=245760Kb used=15643Kb max_used=15643Kb free=230116Kb
 bounds [0x000000010da09000, 0x000000010e969000, 0x000000011ca09000]
 total_blobs=5764 nmethods=4958 adapters=718
 compilation: enabled

Compilation events (10 events):
Event: 42.388 Thread 0x00007f87da811000 5186       3       java.lang.invoke.LambdaMetafactory::metafactory (35 bytes)
Event: 42.388 Thread 0x00007f87da811000 nmethod 5186 0x000000010e956450 code [0x000000010e9565e0, 0x000000010e9568e8]
Event: 42.388 Thread 0x00007f87da811000 5188       3       java.lang.invoke.AbstractValidatingLambdaMetafactory::<init> (289 bytes)
Event: 42.393 Thread 0x00007f87da811000 nmethod 5188 0x000000010e956a10 code [0x000000010e956ee0, 0x000000010e95a228]
Event: 364.024 Thread 0x00007f87da811000 5190       3       java.util.concurrent.ThreadPoolExecutor::runStateOf (5 bytes)
Event: 364.024 Thread 0x00007f87da811000 nmethod 5190 0x000000010e94c350 code [0x000000010e94c4a0, 0x000000010e94c5d0]
Event: 604.047 Thread 0x00007f87da811000 5191       3       java.util.concurrent.locks.AbstractQueuedSynchronizer$ConditionObject::checkInterruptWhileWaiting (27 bytes)
Event: 604.047 Thread 0x00007f87da811000 nmethod 5191 0x000000010e95c7d0 code [0x000000010e95c9a0, 0x000000010e95cff8]
Event: 632.444 Thread 0x00007f87da811000 5192       3       java.util.concurrent.locks.ReentrantLock$Sync::tryRelease (45 bytes)
Event: 632.445 Thread 0x00007f87da811000 nmethod 5192 0x000000010e95d250 code [0x000000010e95d3e0, 0x000000010e95d988]

GC Heap History (10 events):
Event: 2.423 GC heap before
{Heap before GC invocations=4 (full 1):
 PSYoungGen      total 38400K, used 5108K [0x0000000795580000, 0x000000079a080000, 0x00000007c0000000)
  eden space 33280K, 0% used [0x0000000795580000,0x0000000795580000,0x0000000797600000)
  from space 5120K, 99% used [0x0000000797600000,0x0000000797afd3e0,0x0000000797b00000)
  to   space 5120K, 0% used [0x0000000799b80000,0x0000000799b80000,0x000000079a080000)
 ParOldGen       total 87552K, used 6187K [0x0000000740000000, 0x0000000745580000, 0x0000000795580000)
  object space 87552K, 7% used [0x0000000740000000,0x000000074060ac10,0x0000000745580000)
 Metaspace       used 20765K, capacity 21070K, committed 21248K, reserved 1067008K
  class space    used 2859K, capacity 2967K, committed 3072K, reserved 1048576K
Event: 2.474 GC heap after
Heap after GC invocations=4 (full 1):
 PSYoungGen      total 38400K, used 0K [0x0000000795580000, 0x000000079a080000, 0x00000007c0000000)
  eden space 33280K, 0% used [0x0000000795580000,0x0000000795580000,0x0000000797600000)
  from space 5120K, 0% used [0x0000000797600000,0x0000000797600000,0x0000000797b00000)
  to   space 5120K, 0% used [0x0000000799b80000,0x0000000799b80000,0x000000079a080000)
 ParOldGen       total 69120K, used 9293K [0x0000000740000000, 0x0000000744380000, 0x0000000795580000)
  object space 69120K, 13% used [0x0000000740000000,0x0000000740913428,0x0000000744380000)
 Metaspace       used 20765K, capacity 21070K, committed 21248K, reserved 1067008K
  class space    used 2859K, capacity 2967K, committed 3072K, reserved 1048576K
}
Event: 3.292 GC heap before
{Heap before GC invocations=5 (full 1):
 PSYoungGen      total 38400K, used 33280K [0x0000000795580000, 0x000000079a080000, 0x00000007c0000000)
  eden space 33280K, 100% used [0x0000000795580000,0x0000000797600000,0x0000000797600000)
  from space 5120K, 0% used [0x0000000797600000,0x0000000797600000,0x0000000797b00000)
  to   space 5120K, 0% used [0x0000000799b80000,0x0000000799b80000,0x000000079a080000)
 ParOldGen       total 69120K, used 9293K [0x0000000740000000, 0x0000000744380000, 0x0000000795580000)
  object space 69120K, 13% used [0x0000000740000000,0x0000000740913428,0x0000000744380000)
 Metaspace       used 28824K, capacity 29342K, committed 29696K, reserved 1075200K
  class space    used 4133K, capacity 4299K, committed 4352K, reserved 1048576K
Event: 3.300 GC heap after
Heap after GC invocations=5 (full 1):
 PSYoungGen      total 50688K, used 5103K [0x0000000795580000, 0x000000079a080000, 0x00000007c0000000)
  eden space 45568K, 0% used [0x0000000795580000,0x0000000795580000,0x0000000798200000)
  from space 5120K, 99% used [0x0000000799b80000,0x000000079a07bde8,0x000000079a080000)
  to   space 5120K, 0% used [0x0000000799680000,0x0000000799680000,0x0000000799b80000)
 ParOldGen       total 69120K, used 10229K [0x0000000740000000, 0x0000000744380000, 0x0000000795580000)
  object space 69120K, 14% used [0x0000000740000000,0x00000007409fd4b8,0x0000000744380000)
 Metaspace       used 28824K, capacity 29342K, committed 29696K, reserved 1075200K
  class space    used 4133K, capacity 4299K, committed 4352K, reserved 1048576K
}
Event: 10.824 GC heap before
{Heap before GC invocations=6 (full 1):
 PSYoungGen      total 50688K, used 50671K [0x0000000795580000, 0x000000079a080000, 0x00000007c0000000)
  eden space 45568K, 100% used [0x0000000795580000,0x0000000798200000,0x0000000798200000)
  from space 5120K, 99% used [0x0000000799b80000,0x000000079a07bde8,0x000000079a080000)
  to   space 5120K, 0% used [0x0000000799680000,0x0000000799680000,0x0000000799b80000)
 ParOldGen       total 69120K, used 10229K [0x0000000740000000, 0x0000000744380000, 0x0000000795580000)
  object space 69120K, 14% used [0x0000000740000000,0x00000007409fd4b8,0x0000000744380000)
 Metaspace       used 34411K, capacity 35308K, committed 35416K, reserved 1079296K
  class space    used 5035K, capacity 5291K, committed 5376K, reserved 1048576K
Event: 10.835 GC heap after
Heap after GC invocations=6 (full 1):
 PSYoungGen      total 65024K, used 5118K [0x0000000795580000, 0x000000079a400000, 0x00000007c0000000)
  eden space 59904K, 0% used [0x0000000795580000,0x0000000795580000,0x0000000799000000)
  from space 5120K, 99% used [0x0000000799680000,0x0000000799b7fad0,0x0000000799b80000)
  to   space 8704K, 0% used [0x0000000799b80000,0x0000000799b80000,0x000000079a400000)
 ParOldGen       total 69120K, used 11742K [0x0000000740000000, 0x0000000744380000, 0x0000000795580000)
  object space 69120K, 16% used [0x0000000740000000,0x0000000740b77b78,0x0000000744380000)
 Metaspace       used 34411K, capacity 35308K, committed 35416K, reserved 1079296K
  class space    used 5035K, capacity 5291K, committed 5376K, reserved 1048576K
}
Event: 10.840 GC heap before
{Heap before GC invocations=7 (full 1):
 PSYoungGen      total 65024K, used 5852K [0x0000000795580000, 0x000000079a400000, 0x00000007c0000000)
  eden space 59904K, 1% used [0x0000000795580000,0x00000007956375c8,0x0000000799000000)
  from space 5120K, 99% used [0x0000000799680000,0x0000000799b7fad0,0x0000000799b80000)
  to   space 8704K, 0% used [0x0000000799b80000,0x0000000799b80000,0x000000079a400000)
 ParOldGen       total 69120K, used 11742K [0x0000000740000000, 0x0000000744380000, 0x0000000795580000)
  object space 69120K, 16% used [0x0000000740000000,0x0000000740b77b78,0x0000000744380000)
 Metaspace       used 34454K, capacity 35308K, committed 35416K, reserved 1079296K
  class space    used 5040K, capacity 5291K, committed 5376K, reserved 1048576K
Event: 10.844 GC heap after
Heap after GC invocations=7 (full 1):
 PSYoungGen      total 70656K, used 5073K [0x0000000795580000, 0x000000079d580000, 0x00000007c0000000)
  eden space 61952K, 0% used [0x0000000795580000,0x0000000795580000,0x0000000799200000)
  from space 8704K, 58% used [0x0000000799b80000,0x000000079a074570,0x000000079a400000)
  to   space 9728K, 0% used [0x0000000799200000,0x0000000799200000,0x0000000799b80000)
 ParOldGen       total 69120K, used 11750K [0x0000000740000000, 0x0000000744380000, 0x0000000795580000)
  object space 69120K, 17% used [0x0000000740000000,0x0000000740b79b78,0x0000000744380000)
 Metaspace       used 34454K, capacity 35308K, committed 35416K, reserved 1079296K
  class space    used 5040K, capacity 5291K, committed 5376K, reserved 1048576K
}
Event: 10.844 GC heap before
{Heap before GC invocations=8 (full 2):
 PSYoungGen      total 70656K, used 5073K [0x0000000795580000, 0x000000079d580000, 0x00000007c0000000)
  eden space 61952K, 0% used [0x0000000795580000,0x0000000795580000,0x0000000799200000)
  from space 8704K, 58% used [0x0000000799b80000,0x000000079a074570,0x000000079a400000)
  to   space 9728K, 0% used [0x0000000799200000,0x0000000799200000,0x0000000799b80000)
 ParOldGen       total 69120K, used 11750K [0x0000000740000000, 0x0000000744380000, 0x0000000795580000)
  object space 69120K, 17% used [0x0000000740000000,0x0000000740b79b78,0x0000000744380000)
 Metaspace       used 34454K, capacity 35308K, committed 35416K, reserved 1079296K
  class space    used 5040K, capacity 5291K, committed 5376K, reserved 1048576K
Event: 10.896 GC heap after
Heap after GC invocations=8 (full 2):
 PSYoungGen      total 70656K, used 0K [0x0000000795580000, 0x000000079d580000, 0x00000007c0000000)
  eden space 61952K, 0% used [0x0000000795580000,0x0000000795580000,0x0000000799200000)
  from space 8704K, 0% used [0x0000000799b80000,0x0000000799b80000,0x000000079a400000)
  to   space 9728K, 0% used [0x0000000799200000,0x0000000799200000,0x0000000799b80000)
 ParOldGen       total 76288K, used 12026K [0x0000000740000000, 0x0000000744a80000, 0x0000000795580000)
  object space 76288K, 15% used [0x0000000740000000,0x0000000740bbe808,0x0000000744a80000)
 Metaspace       used 34454K, capacity 35308K, committed 35416K, reserved 1079296K
  class space    used 5040K, capacity 5291K, committed 5376K, reserved 1048576K
}

Deoptimization events (10 events):
Event: 14.402 Thread 0x00007f87d98bd000 Uncommon trap: reason=unstable_if action=reinterpret pc=0x000000010e620764 method=com.sun.javafx.geom.RectBounds.isEmpty()Z @ 21
Event: 35.859 Thread 0x00007f87d9211800 Uncommon trap: reason=array_check action=maybe_recompile pc=0x000000010dcced84 method=com.sun.javafx.css.CompoundSelector.applies(Ljavafx/css/Styleable;[Ljava/util/Set;I)Z @ 128
Event: 35.859 Thread 0x00007f87d9211800 Uncommon trap: reason=array_check action=maybe_recompile pc=0x000000010dcced84 method=com.sun.javafx.css.CompoundSelector.applies(Ljavafx/css/Styleable;[Ljava/util/Set;I)Z @ 128
Event: 35.859 Thread 0x00007f87d9211800 Uncommon trap: reason=array_check action=maybe_recompile pc=0x000000010dcced84 method=com.sun.javafx.css.CompoundSelector.applies(Ljavafx/css/Styleable;[Ljava/util/Set;I)Z @ 128
Event: 35.859 Thread 0x00007f87d9211800 Uncommon trap: reason=array_check action=maybe_recompile pc=0x000000010dcced84 method=com.sun.javafx.css.CompoundSelector.applies(Ljavafx/css/Styleable;[Ljava/util/Set;I)Z @ 128
Event: 35.864 Thread 0x00007f87d98bd000 Uncommon trap: reason=unstable_if action=reinterpret pc=0x000000010e8a1ea0 method=com.sun.prism.es2.ES2Texture.updateWrapState()V @ 24
Event: 36.612 Thread 0x00007f87d9211800 Uncommon trap: reason=unstable_if action=reinterpret pc=0x000000010e6a3270 method=com.sun.javafx.css.StyleManager$CacheContainer.getStyleMap(I)Lcom/sun/javafx/css/StyleMap; @ 22
Event: 36.612 Thread 0x00007f87d9211800 Uncommon trap: reason=unstable_if action=reinterpret pc=0x000000010e6a4278 method=com.sun.javafx.css.StyleManager$CacheContainer.getStyleMap(I)Lcom/sun/javafx/css/StyleMap; @ 22
Event: 42.384 Thread 0x00007f87d9211800 Uncommon trap: reason=unstable_if action=reinterpret pc=0x000000010dc5b7f0 method=java.util.concurrent.locks.ReentrantLock$NonfairSync.lock()V @ 6
Event: 42.384 Thread 0x00007f87d9211800 Uncommon trap: reason=unstable_if action=reinterpret pc=0x000000010e89e824 method=java.util.concurrent.locks.ReentrantLock$Sync.tryRelease(I)Z @ 28

Internal exceptions (10 events):
Event: 2.400 Thread 0x00007f87d900e000 Exception <a 'java/lang/NullPointerException'> (0x0000000796d6a240) thrown at [/Users/java_re/workspace/8-2-build-macosx-x86_64/jdk8u45/3457/hotspot/src/share/vm/runtime/reflection.cpp, line 921]
Event: 2.869 Thread 0x00007f87d9211800 Exception <a 'java/lang/NullPointerException'> (0x0000000796c5ebc0) thrown at [/Users/java_re/workspace/8-2-build-macosx-x86_64/jdk8u45/3457/hotspot/src/share/vm/interpreter/linkResolver.cpp, line 1178]
Event: 2.869 Thread 0x00007f87d9211800 Exception <a 'java/lang/NullPointerException'> (0x0000000796c5ebc0) thrown at [/Users/java_re/workspace/8-2-build-macosx-x86_64/jdk8u45/3457/hotspot/src/share/vm/prims/jvm.cpp, line 1386]
Event: 3.597 Thread 0x00007f87d9211800 Exception <a 'java/lang/ClassNotFoundException': com/sun/org/glassfish/hk2/osgiresourcelocator/ServiceLoader> (0x0000000795ccd370) thrown at [/Users/java_re/workspace/8-2-build-macosx-x86_64/jdk8u45/3457/hotspot/src/share/vm/classfile/systemDictionary.cpp
Event: 3.632 Thread 0x00007f87d9211800 Exception <a 'java/lang/ClassNotFoundException': com/sun/org/glassfish/hk2/osgiresourcelocator/ServiceLoader> (0x0000000795ec7778) thrown at [/Users/java_re/workspace/8-2-build-macosx-x86_64/jdk8u45/3457/hotspot/src/share/vm/classfile/systemDictionary.cpp
Event: 3.960 Thread 0x00007f87d9211800 Implicit null exception at 0x000000010e2c3860 to 0x000000010e2c1bc9
Event: 3.979 Thread 0x00007f87d9211800 Exception <a 'java/lang/NullPointerException'> (0x0000000797508670) thrown at [/Users/java_re/workspace/8-2-build-macosx-x86_64/jdk8u45/3457/hotspot/src/share/vm/runtime/reflection.cpp, line 921]
Event: 11.284 Thread 0x00007f87d9211800 Implicit null exception at 0x000000010e470af5 to 0x000000010e470c91
Event: 11.284 Thread 0x00007f87d9211800 Implicit null exception at 0x000000010e44b7e7 to 0x000000010e44b909
Event: 11.287 Thread 0x00007f87d9211800 Implicit null exception at 0x000000010e46d663 to 0x000000010e46d6d5

Events (10 events):
Event: 42.384 Thread 0x00007f87d9211800 Uncommon trap: trap_request=0xffffff65 fr.pc=0x000000010e89e824
Event: 42.384 Thread 0x00007f87d9211800 DEOPT PACKING pc=0x000000010e89e824 sp=0x00007fff53c63770
Event: 42.384 Thread 0x00007f87d9211800 DEOPT UNPACKING pc=0x000000010da0e229 sp=0x00007fff53c63718 mode 2
Event: 42.384 loading class com/sun/javafx/tk/quantum/QuantumToolkit
Event: 42.384 loading class com/sun/javafx/tk/quantum/QuantumToolkit done
Event: 42.384 Thread 0x00007f87d98bd000 Thread exited: 0x00007f87d98bd000
Event: 42.384 Thread 0x00007f87da2b4800 Thread exited: 0x00007f87da2b4800
Event: 42.384 Thread 0x00007f87d900e000 Thread exited: 0x00007f87d900e000
Event: 42.385 Thread 0x00007f87d9211800 Thread exited: 0x00007f87d9211800
Event: 42.385 Thread 0x00007f87de821800 Thread added: 0x00007f87de821800


Dynamic libraries:
0x000000000384b000 	/System/Library/Frameworks/Cocoa.framework/Versions/A/Cocoa
0x000000000384b000 	/System/Library/Frameworks/Security.framework/Versions/A/Security
0x000000000384b000 	/System/Library/Frameworks/ApplicationServices.framework/Versions/A/ApplicationServices
0x000000000384b000 	/usr/lib/libz.1.dylib
0x000000000384b000 	/usr/lib/libSystem.B.dylib
0x000000000384b000 	/usr/lib/libobjc.A.dylib
0x000000000384b000 	/System/Library/Frameworks/CoreFoundation.framework/Versions/A/CoreFoundation
0x000000000384b000 	/System/Library/Frameworks/Foundation.framework/Versions/C/Foundation
0x000000000384b000 	/System/Library/Frameworks/AppKit.framework/Versions/C/AppKit
0x000000000384b000 	/System/Library/Frameworks/CoreData.framework/Versions/A/CoreData
0x000000000384b000 	/System/Library/PrivateFrameworks/RemoteViewServices.framework/Versions/A/RemoteViewServices
0x000000000384b000 	/System/Library/PrivateFrameworks/UIFoundation.framework/Versions/A/UIFoundation
0x000000000384b000 	/usr/lib/libScreenReader.dylib
0x000000000384b000 	/System/Library/Frameworks/Accelerate.framework/Versions/A/Accelerate
0x000000000384b000 	/System/Library/Frameworks/IOSurface.framework/Versions/A/IOSurface
0x000000000384b000 	/System/Library/Frameworks/AudioToolbox.framework/Versions/A/AudioToolbox
0x000000000384b000 	/System/Library/Frameworks/AudioUnit.framework/Versions/A/AudioUnit
0x000000000384b000 	/System/Library/PrivateFrameworks/DataDetectorsCore.framework/Versions/A/DataDetectorsCore
0x000000000384b000 	/System/Library/PrivateFrameworks/DesktopServicesPriv.framework/Versions/A/DesktopServicesPriv
0x000000000384b000 	/System/Library/Frameworks/Carbon.framework/Versions/A/Frameworks/HIToolbox.framework/Versions/A/HIToolbox
0x000000000384b000 	/System/Library/Frameworks/QuartzCore.framework/Versions/A/QuartzCore
0x000000000384b000 	/System/Library/Frameworks/Carbon.framework/Versions/A/Frameworks/SpeechRecognition.framework/Versions/A/SpeechRecognition
0x000000000384b000 	/usr/lib/libauto.dylib
0x000000000384b000 	/usr/lib/libicucore.A.dylib
0x000000000384b000 	/usr/lib/libxml2.2.dylib
0x000000000384b000 	/System/Library/PrivateFrameworks/CoreUI.framework/Versions/A/CoreUI
0x000000000384b000 	/System/Library/Frameworks/CoreAudio.framework/Versions/A/CoreAudio
0x000000000384b000 	/System/Library/Frameworks/DiskArbitration.framework/Versions/A/DiskArbitration
0x000000000384b000 	/usr/lib/liblangid.dylib
0x000000000384b000 	/System/Library/PrivateFrameworks/MultitouchSupport.framework/Versions/A/MultitouchSupport
0x000000000384b000 	/System/Library/Frameworks/IOKit.framework/Versions/A/IOKit
0x000000000384b000 	/usr/lib/libDiagnosticMessagesClient.dylib
0x000000000384b000 	/System/Library/Frameworks/CoreServices.framework/Versions/A/CoreServices
0x000000000384b000 	/System/Library/PrivateFrameworks/PerformanceAnalysis.framework/Versions/A/PerformanceAnalysis
0x000000000384b000 	/System/Library/PrivateFrameworks/GenerationalStorage.framework/Versions/A/GenerationalStorage
0x000000000384b000 	/System/Library/Frameworks/OpenGL.framework/Versions/A/OpenGL
0x000000000384b000 	/System/Library/PrivateFrameworks/Sharing.framework/Versions/A/Sharing
0x000000000384b000 	/System/Library/Frameworks/CoreGraphics.framework/Versions/A/CoreGraphics
0x000000000384b000 	/System/Library/Frameworks/CoreImage.framework/Versions/A/CoreImage
0x000000000384b000 	/System/Library/Frameworks/CoreText.framework/Versions/A/CoreText
0x000000000384b000 	/System/Library/Frameworks/ImageIO.framework/Versions/A/ImageIO
0x000000000384b000 	/System/Library/PrivateFrameworks/Backup.framework/Versions/A/Backup
0x000000000384b000 	/usr/lib/libextension.dylib
0x000000000384b000 	/usr/lib/libarchive.2.dylib
0x000000000384b000 	/System/Library/Frameworks/CFNetwork.framework/Versions/A/CFNetwork
0x000000000384b000 	/System/Library/Frameworks/SystemConfiguration.framework/Versions/A/SystemConfiguration
0x000000000384b000 	/usr/lib/libCRFSuite.dylib
0x000000000384b000 	/usr/lib/libc++.1.dylib
0x000000000384b000 	/usr/lib/libc++abi.dylib
0x000000000384b000 	/usr/lib/system/libcache.dylib
0x000000000384b000 	/usr/lib/system/libcommonCrypto.dylib
0x000000000384b000 	/usr/lib/system/libcompiler_rt.dylib
0x000000000384b000 	/usr/lib/system/libcopyfile.dylib
0x000000000384b000 	/usr/lib/system/libcorecrypto.dylib
0x000000000384b000 	/usr/lib/system/libdispatch.dylib
0x000000000384b000 	/usr/lib/system/libdyld.dylib
0x000000000384b000 	/usr/lib/system/libkeymgr.dylib
0x000000000384b000 	/usr/lib/system/liblaunch.dylib
0x000000000384b000 	/usr/lib/system/libmacho.dylib
0x000000000384b000 	/usr/lib/system/libquarantine.dylib
0x000000000384b000 	/usr/lib/system/libremovefile.dylib
0x000000000384b000 	/usr/lib/system/libsystem_asl.dylib
0x000000000384b000 	/usr/lib/system/libsystem_blocks.dylib
0x000000000384b000 	/usr/lib/system/libsystem_c.dylib
0x000000000384b000 	/usr/lib/system/libsystem_configuration.dylib
0x000000000384b000 	/usr/lib/system/libsystem_coreservices.dylib
0x000000000384b000 	/usr/lib/system/libsystem_coretls.dylib
0x000000000384b000 	/usr/lib/system/libsystem_dnssd.dylib
0x000000000384b000 	/usr/lib/system/libsystem_info.dylib
0x000000000384b000 	/usr/lib/system/libsystem_kernel.dylib
0x000000000384b000 	/usr/lib/system/libsystem_m.dylib
0x000000000384b000 	/usr/lib/system/libsystem_malloc.dylib
0x000000000384b000 	/usr/lib/system/libsystem_network.dylib
0x000000000384b000 	/usr/lib/system/libsystem_networkextension.dylib
0x000000000384b000 	/usr/lib/system/libsystem_notify.dylib
0x000000000384b000 	/usr/lib/system/libsystem_platform.dylib
0x000000000384b000 	/usr/lib/system/libsystem_pthread.dylib
0x000000000384b000 	/usr/lib/system/libsystem_sandbox.dylib
0x000000000384b000 	/usr/lib/system/libsystem_secinit.dylib
0x000000000384b000 	/usr/lib/system/libsystem_trace.dylib
0x000000000384b000 	/usr/lib/system/libunc.dylib
0x000000000384b000 	/usr/lib/system/libunwind.dylib
0x000000000384b000 	/usr/lib/system/libxpc.dylib
0x000000000384b000 	/usr/lib/libenergytrace.dylib
0x000000000384b000 	/usr/lib/libbsm.0.dylib
0x000000000384b000 	/usr/lib/system/libkxld.dylib
0x000000000384b000 	/usr/lib/libxar.1.dylib
0x000000000384b000 	/usr/lib/libsqlite3.dylib
0x000000000384b000 	/usr/lib/libpam.2.dylib
0x000000000384b000 	/usr/lib/libOpenScriptingUtil.dylib
0x000000000384b000 	/usr/lib/libbz2.1.0.dylib
0x000000000384b000 	/usr/lib/liblzma.5.dylib
0x000000000384b000 	/System/Library/Frameworks/CoreServices.framework/Versions/A/Frameworks/FSEvents.framework/Versions/A/FSEvents
0x000000000384b000 	/System/Library/Frameworks/CoreServices.framework/Versions/A/Frameworks/CarbonCore.framework/Versions/A/CarbonCore
0x000000000384b000 	/System/Library/Frameworks/CoreServices.framework/Versions/A/Frameworks/Metadata.framework/Versions/A/Metadata
0x000000000384b000 	/System/Library/Frameworks/CoreServices.framework/Versions/A/Frameworks/OSServices.framework/Versions/A/OSServices
0x000000000384b000 	/System/Library/Frameworks/CoreServices.framework/Versions/A/Frameworks/SearchKit.framework/Versions/A/SearchKit
0x000000000384b000 	/System/Library/Frameworks/CoreServices.framework/Versions/A/Frameworks/AE.framework/Versions/A/AE
0x000000000384b000 	/System/Library/Frameworks/CoreServices.framework/Versions/A/Frameworks/LaunchServices.framework/Versions/A/LaunchServices
0x000000000384b000 	/System/Library/Frameworks/CoreServices.framework/Versions/A/Frameworks/DictionaryServices.framework/Versions/A/DictionaryServices
0x000000000384b000 	/System/Library/Frameworks/CoreServices.framework/Versions/A/Frameworks/SharedFileList.framework/Versions/A/SharedFileList
0x000000000384b000 	/System/Library/Frameworks/NetFS.framework/Versions/A/NetFS
0x000000000384b000 	/System/Library/PrivateFrameworks/NetAuth.framework/Versions/A/NetAuth
0x000000000384b000 	/System/Library/PrivateFrameworks/login.framework/Versions/A/Frameworks/loginsupport.framework/Versions/A/loginsupport
0x000000000384b000 	/System/Library/PrivateFrameworks/TCC.framework/Versions/A/TCC
0x000000000384b000 	/usr/lib/libmecabra.dylib
0x000000000384b000 	/System/Library/Frameworks/ApplicationServices.framework/Versions/A/Frameworks/ATS.framework/Versions/A/ATS
0x000000000384b000 	/System/Library/Frameworks/ApplicationServices.framework/Versions/A/Frameworks/ColorSync.framework/Versions/A/ColorSync
0x000000000384b000 	/System/Library/Frameworks/ApplicationServices.framework/Versions/A/Frameworks/HIServices.framework/Versions/A/HIServices
0x000000000384b000 	/System/Library/Frameworks/ApplicationServices.framework/Versions/A/Frameworks/LangAnalysis.framework/Versions/A/LangAnalysis
0x000000000384b000 	/System/Library/Frameworks/ApplicationServices.framework/Versions/A/Frameworks/PrintCore.framework/Versions/A/PrintCore
0x000000000384b000 	/System/Library/Frameworks/ApplicationServices.framework/Versions/A/Frameworks/QD.framework/Versions/A/QD
0x000000000384b000 	/System/Library/Frameworks/ApplicationServices.framework/Versions/A/Frameworks/SpeechSynthesis.framework/Versions/A/SpeechSynthesis
0x000000000384b000 	/System/Library/Frameworks/Metal.framework/Versions/A/Metal
0x000000000384b000 	/System/Library/Frameworks/Accelerate.framework/Versions/A/Frameworks/vImage.framework/Versions/A/vImage
0x000000000384b000 	/System/Library/Frameworks/Accelerate.framework/Versions/A/Frameworks/vecLib.framework/Versions/A/vecLib
0x000000000384b000 	/System/Library/Frameworks/Accelerate.framework/Versions/A/Frameworks/vecLib.framework/Versions/A/libvDSP.dylib
0x000000000384b000 	/System/Library/Frameworks/Accelerate.framework/Versions/A/Frameworks/vecLib.framework/Versions/A/libvMisc.dylib
0x000000000384b000 	/System/Library/Frameworks/Accelerate.framework/Versions/A/Frameworks/vecLib.framework/Versions/A/libLAPACK.dylib
0x000000000384b000 	/System/Library/Frameworks/Accelerate.framework/Versions/A/Frameworks/vecLib.framework/Versions/A/libBLAS.dylib
0x000000000384b000 	/System/Library/Frameworks/Accelerate.framework/Versions/A/Frameworks/vecLib.framework/Versions/A/libLinearAlgebra.dylib
0x000000000384b000 	/System/Library/Frameworks/Accelerate.framework/Versions/A/Frameworks/vecLib.framework/Versions/A/libSparseBLAS.dylib
0x000000000384b000 	/System/Library/PrivateFrameworks/GPUCompiler.framework/libmetal_timestamp.dylib
0x000000000384b000 	/System/Library/Frameworks/OpenGL.framework/Versions/A/Libraries/libCoreFSCache.dylib
0x000000000384b000 	/System/Library/PrivateFrameworks/IOAccelerator.framework/Versions/A/IOAccelerator
0x000000000384b000 	/System/Library/Frameworks/ApplicationServices.framework/Versions/A/Frameworks/ATS.framework/Versions/A/Resources/libFontParser.dylib
0x000000000384b000 	/System/Library/Frameworks/ApplicationServices.framework/Versions/A/Frameworks/ATS.framework/Versions/A/Resources/libFontRegistry.dylib
0x000000000384b000 	/System/Library/PrivateFrameworks/AppleVPA.framework/Versions/A/AppleVPA
0x000000000384b000 	/System/Library/PrivateFrameworks/AppleJPEG.framework/Versions/A/AppleJPEG
0x000000000384b000 	/System/Library/Frameworks/ImageIO.framework/Versions/A/Resources/libJPEG.dylib
0x000000000384b000 	/System/Library/Frameworks/ImageIO.framework/Versions/A/Resources/libTIFF.dylib
0x000000000384b000 	/System/Library/Frameworks/ImageIO.framework/Versions/A/Resources/libPng.dylib
0x000000000384b000 	/System/Library/Frameworks/ImageIO.framework/Versions/A/Resources/libGIF.dylib
0x000000000384b000 	/System/Library/Frameworks/ImageIO.framework/Versions/A/Resources/libJP2.dylib
0x000000000384b000 	/System/Library/Frameworks/ImageIO.framework/Versions/A/Resources/libRadiance.dylib
0x000000000384b000 	/System/Library/Frameworks/CoreVideo.framework/Versions/A/CoreVideo
0x000000000384b000 	/System/Library/Frameworks/OpenGL.framework/Versions/A/Libraries/libGLU.dylib
0x000000000384b000 	/System/Library/Frameworks/OpenGL.framework/Versions/A/Libraries/libGFXShared.dylib
0x000000000384b000 	/System/Library/Frameworks/OpenGL.framework/Versions/A/Libraries/libGL.dylib
0x000000000384b000 	/System/Library/Frameworks/OpenGL.framework/Versions/A/Libraries/libGLImage.dylib
0x000000000384b000 	/System/Library/Frameworks/OpenGL.framework/Versions/A/Libraries/libCVMSPluginSupport.dylib
0x000000000384b000 	/System/Library/Frameworks/OpenGL.framework/Versions/A/Libraries/libCoreVMClient.dylib
0x000000000384b000 	/usr/lib/libcups.2.dylib
0x000000000384b000 	/System/Library/Frameworks/Kerberos.framework/Versions/A/Kerberos
0x000000000384b000 	/System/Library/Frameworks/GSS.framework/Versions/A/GSS
0x000000000384b000 	/usr/lib/libresolv.9.dylib
0x000000000384b000 	/usr/lib/libiconv.2.dylib
0x000000000384b000 	/System/Library/PrivateFrameworks/Heimdal.framework/Versions/A/Heimdal
0x000000000384b000 	/usr/lib/libheimdal-asn1.dylib
0x000000000384b000 	/System/Library/Frameworks/OpenDirectory.framework/Versions/A/OpenDirectory
0x000000000384b000 	/System/Library/PrivateFrameworks/CommonAuth.framework/Versions/A/CommonAuth
0x000000000384b000 	/System/Library/Frameworks/OpenDirectory.framework/Versions/A/Frameworks/CFOpenDirectory.framework/Versions/A/CFOpenDirectory
0x000000000384b000 	/System/Library/Frameworks/SecurityFoundation.framework/Versions/A/SecurityFoundation
0x000000000384b000 	/System/Library/PrivateFrameworks/LanguageModeling.framework/Versions/A/LanguageModeling
0x000000000384b000 	/usr/lib/libmarisa.dylib
0x000000000384b000 	/usr/lib/libChineseTokenizer.dylib
0x000000000384b000 	/usr/lib/libcmph.dylib
0x000000000384b000 	/usr/lib/libcompression.dylib
0x000000000384b000 	/System/Library/Frameworks/ServiceManagement.framework/Versions/A/ServiceManagement
0x000000000384b000 	/usr/lib/libxslt.1.dylib
0x000000000384b000 	/System/Library/Frameworks/Carbon.framework/Versions/A/Frameworks/Ink.framework/Versions/A/Ink
0x000000000384b000 	/usr/lib/libFosl_dynamic.dylib
0x000000000384b000 	/System/Library/PrivateFrameworks/FaceCore.framework/Versions/A/FaceCore
0x000000000384b000 	/System/Library/Frameworks/OpenCL.framework/Versions/A/OpenCL
0x000000000384b000 	/System/Library/PrivateFrameworks/CrashReporterSupport.framework/Versions/A/CrashReporterSupport
0x000000000384b000 	/System/Library/PrivateFrameworks/IconServices.framework/Versions/A/IconServices
0x000000000384b000 	/System/Library/PrivateFrameworks/Apple80211.framework/Versions/A/Apple80211
0x000000000384b000 	/System/Library/Frameworks/CoreWLAN.framework/Versions/A/CoreWLAN
0x000000000384b000 	/System/Library/Frameworks/IOBluetooth.framework/Versions/A/IOBluetooth
0x000000000384b000 	/System/Library/PrivateFrameworks/CoreWiFi.framework/Versions/A/CoreWiFi
0x000000000384b000 	/System/Library/Frameworks/CoreBluetooth.framework/Versions/A/CoreBluetooth
0x000000000384b000 	/System/Library/PrivateFrameworks/ChunkingLibrary.framework/Versions/A/ChunkingLibrary
0x000000000384b000 	/System/Library/PrivateFrameworks/DebugSymbols.framework/Versions/A/DebugSymbols
0x000000000384b000 	/System/Library/PrivateFrameworks/CoreSymbolication.framework/Versions/A/CoreSymbolication
0x000000000384b000 	/System/Library/PrivateFrameworks/Symbolication.framework/Versions/A/Symbolication
0x000000000384b000 	/System/Library/PrivateFrameworks/SpeechRecognitionCore.framework/Versions/A/SpeechRecognitionCore
0x000000010c244000 	/Library/Java/JavaVirtualMachines/jdk1.8.0_45.jdk/Contents/Home/jre/lib/server/libjvm.dylib
0x000000000384b000 	/usr/lib/libstdc++.6.dylib
0x000000010d1ad000 	/Library/Java/JavaVirtualMachines/jdk1.8.0_45.jdk/Contents/Home/jre/lib/libverify.dylib
0x000000010d1bb000 	/Library/Java/JavaVirtualMachines/jdk1.8.0_45.jdk/Contents/Home/jre/lib/libjava.dylib
0x000000010da00000 	/Library/Java/JavaVirtualMachines/jdk1.8.0_45.jdk/Contents/Home/jre/lib/libzip.dylib
0x0000000123343000 	/System/Library/Frameworks/JavaVM.framework/Frameworks/JavaRuntimeSupport.framework/JavaRuntimeSupport
0x000000012335e000 	/System/Library/Frameworks/JavaVM.framework/Versions/A/Frameworks/JavaNativeFoundation.framework/Versions/A/JavaNativeFoundation
0x0000000123373000 	/System/Library/Frameworks/JavaVM.framework/Versions/A/JavaVM
0x000000000384b000 	/System/Library/Frameworks/Carbon.framework/Versions/A/Carbon
0x0000000123380000 	/System/Library/PrivateFrameworks/JavaLaunching.framework/Versions/A/JavaLaunching
0x000000000384b000 	/System/Library/Frameworks/Carbon.framework/Versions/A/Frameworks/CommonPanels.framework/Versions/A/CommonPanels
0x000000000384b000 	/System/Library/Frameworks/Carbon.framework/Versions/A/Frameworks/Help.framework/Versions/A/Help
0x000000000384b000 	/System/Library/Frameworks/Carbon.framework/Versions/A/Frameworks/ImageCapture.framework/Versions/A/ImageCapture
0x000000000384b000 	/System/Library/Frameworks/Carbon.framework/Versions/A/Frameworks/OpenScripting.framework/Versions/A/OpenScripting
0x000000000384b000 	/System/Library/Frameworks/Carbon.framework/Versions/A/Frameworks/Print.framework/Versions/A/Print
0x000000000384b000 	/System/Library/Frameworks/Carbon.framework/Versions/A/Frameworks/SecurityHI.framework/Versions/A/SecurityHI
0x0000000124d39000 	/Library/Java/JavaVirtualMachines/jdk1.8.0_45.jdk/Contents/Home/jre/lib/libprism_es2.dylib
0x000000000384b000 	/System/Library/Frameworks/OpenGL.framework/Versions/A/Resources/GLEngine.bundle/GLEngine
0x000000000384b000 	/System/Library/Frameworks/OpenGL.framework/Versions/A/Libraries/libGLProgrammability.dylib
0x0000000124dbb000 	/System/Library/Extensions/AppleIntelHD5000GraphicsGLDriver.bundle/Contents/MacOS/AppleIntelHD5000GraphicsGLDriver
0x000000000384b000 	/System/Library/PrivateFrameworks/GPUSupport.framework/Versions/A/Libraries/libGPUSupportMercury.dylib
0x000000000384b000 	/System/Library/Frameworks/OpenGL.framework/Versions/A/Resources/GLRendererFloat.bundle/GLRendererFloat
0x000000000384b000 	/System/Library/Frameworks/OpenCL.framework/Versions/A/Libraries/libcldcpuengine.dylib
0x000000000384b000 	/System/Library/PrivateFrameworks/DiskImages.framework/Versions/A/DiskImages
0x000000000384b000 	/System/Library/Frameworks/DiscRecording.framework/Versions/A/DiscRecording
0x000000000384b000 	/usr/lib/libcsfde.dylib
0x000000000384b000 	/usr/lib/libcurl.4.dylib
0x000000000384b000 	/System/Library/PrivateFrameworks/MediaKit.framework/Versions/A/MediaKit
0x000000000384b000 	/System/Library/PrivateFrameworks/ProtectedCloudStorage.framework/Versions/A/ProtectedCloudStorage
0x000000000384b000 	/usr/lib/libCoreStorage.dylib
0x000000000384b000 	/System/Library/PrivateFrameworks/EFILogin.framework/Versions/A/EFILogin
0x000000000384b000 	/usr/lib/libutil.dylib
0x000000000384b000 	/System/Library/PrivateFrameworks/FindMyDevice.framework/Versions/A/FindMyDevice
0x000000000384b000 	/System/Library/Frameworks/LDAP.framework/Versions/A/LDAP
0x000000000384b000 	/usr/lib/libsasl2.2.dylib
0x000000000384b000 	/System/Library/PrivateFrameworks/CoreDaemon.framework/Versions/B/CoreDaemon
0x000000000384b000 	/usr/lib/libcrypto.0.9.8.dylib
0x000000000384b000 	/System/Library/PrivateFrameworks/AppleSRP.framework/Versions/A/AppleSRP
0x000000000384b000 	/System/Library/PrivateFrameworks/TrustEvaluationAgent.framework/Versions/A/TrustEvaluationAgent
0x000000012594a000 	/Library/Java/JavaVirtualMachines/jdk1.8.0_45.jdk/Contents/Home/jre/lib/libglass.dylib
0x000000000384b000 	/System/Library/PrivateFrameworks/CoreServicesInternal.framework/Versions/A/CoreServicesInternal
0x000000000384b000 	/System/Library/CoreServices/RawCamera.bundle/Contents/MacOS/RawCamera
0x000000000384b000 	/System/Library/Frameworks/CoreGraphics.framework/Versions/A/Resources/libRIP.A.dylib
0x000000000384b000 	/System/Library/Frameworks/Accelerate.framework/Versions/A/Frameworks/vImage.framework/Versions/A/Libraries/libCGInterfaces.dylib
0x000000000384b000 	/System/Library/PrivateFrameworks/FamilyControls.framework/Versions/A/FamilyControls
0x000000000384b000 	/System/Library/PrivateFrameworks/CommerceKit.framework/Versions/A/Frameworks/CommerceCore.framework/Versions/A/CommerceCore
0x000000000384b000 	/System/Library/PrivateFrameworks/SystemAdministration.framework/Versions/A/SystemAdministration
0x000000000384b000 	/System/Library/PrivateFrameworks/AppContainer.framework/Versions/A/AppContainer
0x000000000384b000 	/System/Library/PrivateFrameworks/SecCodeWrapper.framework/Versions/A/SecCodeWrapper
0x000000000384b000 	/System/Library/Frameworks/DirectoryService.framework/Versions/A/DirectoryService
0x000000000384b000 	/System/Library/PrivateFrameworks/LoginUIKit.framework/Versions/A/Frameworks/LoginUICore.framework/Versions/A/LoginUICore
0x000000000384b000 	/usr/lib/libodfde.dylib
0x000000000384b000 	/System/Library/Frameworks/CoreGraphics.framework/Versions/A/Resources/libCGXType.A.dylib
0x0000000129c2f000 	cl_kernels
0x000000000384b000 	/System/Library/Frameworks/OpenCL.framework/Versions/A/Libraries/ImageFormats/unorm8_bgra.dylib
0x000000000384b000 	/System/Library/Frameworks/OpenCL.framework/Versions/A/Libraries/ImageFormats/unorm8_rgba.dylib
0x00000001266cb000 	/Library/Java/JavaVirtualMachines/jdk1.8.0_45.jdk/Contents/Home/jre/lib/libnet.dylib
0x00000001266e7000 	/Library/Java/JavaVirtualMachines/jdk1.8.0_45.jdk/Contents/Home/jre/lib/libjavafx_font.dylib
0x0000000126865000 	/Library/Java/JavaVirtualMachines/jdk1.8.0_45.jdk/Contents/Home/jre/lib/libprism_common.dylib
0x000000012c1ef000 	/System/Library/Extensions/AppleIntelHD5000GraphicsMTLDriver.bundle/Contents/MacOS/AppleIntelHD5000GraphicsMTLDriver
0x0000000128cef000 	/Library/Java/JavaVirtualMachines/jdk1.8.0_45.jdk/Contents/Home/jre/lib/libnio.dylib

VM Arguments:
jvm_args: -Dfile.encoding=UTF-8 
java_command: /Users/hassan/NetBeansProjects/TeleMart/TeleMart/dist/run848894255/TeleMart.jar
java_class_path (initial): /Users/hassan/NetBeansProjects/TeleMart/TeleMart/dist/run848894255/TeleMart.jar
Launcher Type: SUN_STANDARD

Environment Variables:
PATH=/usr/bin:/bin:/usr/sbin:/sbin
LD_LIBRARY_PATH=/Library/Java/JavaVirtualMachines/jdk1.8.0_45.jdk/Contents/Home/jre/lib/amd64:/Library/Java/JavaVirtualMachines/jdk1.8.0_45.jdk/Contents/Home/jre/lib/i386:
SHELL=/bin/bash

Signal Handlers:
SIGSEGV: [libjvm.dylib+0x58ef95], sa_mask[0]=11111111011111110111111111111111, sa_flags=SA_ONSTACK|SA_RESTART|SA_SIGINFO
SIGBUS: [libjvm.dylib+0x58ef95], sa_mask[0]=11111111011111110111111111111111, sa_flags=SA_RESTART|SA_SIGINFO
SIGFPE: [libjvm.dylib+0x46c108], sa_mask[0]=11111111011111110111111111111111, sa_flags=SA_RESTART|SA_SIGINFO
SIGPIPE: [libjvm.dylib+0x46c108], sa_mask[0]=11111111011111110111111111111111, sa_flags=SA_RESTART|SA_SIGINFO
SIGXFSZ: [libjvm.dylib+0x46c108], sa_mask[0]=11111111011111110111111111111111, sa_flags=SA_RESTART|SA_SIGINFO
SIGILL: [libjvm.dylib+0x46c108], sa_mask[0]=11111111011111110111111111111111, sa_flags=SA_RESTART|SA_SIGINFO
SIGUSR1: SIG_DFL, sa_mask[0]=00000000000000000000000000000000, sa_flags=none
SIGUSR2: [libjvm.dylib+0x46bc26], sa_mask[0]=00100000000000000000000000000000, sa_flags=SA_RESTART|SA_SIGINFO
SIGHUP: [libjvm.dylib+0x46a1f9], sa_mask[0]=11111111011111110111111111111111, sa_flags=SA_RESTART|SA_SIGINFO
SIGINT: SIG_IGN, sa_mask[0]=00000000000000000000000000000000, sa_flags=none
SIGTERM: [libjvm.dylib+0x46a1f9], sa_mask[0]=11111111011111110111111111111111, sa_flags=SA_RESTART|SA_SIGINFO
SIGQUIT: [libjvm.dylib+0x46a1f9], sa_mask[0]=11111111011111110111111111111111, sa_flags=SA_RESTART|SA_SIGINFO


---------------  S Y S T E M  ---------------

OS:Bsduname:Darwin 15.0.0 Darwin Kernel Version 15.0.0: Sat Sep 19 15:53:46 PDT 2015; root:xnu-3247.10.11~1/RELEASE_X86_64 x86_64
rlimit: STACK 8192k, CORE 0k, NPROC 709, NOFILE 10240, AS infinity
load average:1.63 1.74 1.88

CPU:total 4 (2 cores per cpu, 2 threads per core) family 6 model 69 stepping 1, cmov, cx8, fxsr, mmx, sse, sse2, sse3, ssse3, sse4.1, sse4.2, popcnt, avx, avx2, aes, clmul, erms, lzcnt, ht, tsc, tscinvbit, bmi1, bmi2

Memory: 4k page, physical 8388608k(370384k free)

/proc/meminfo:


vm_info: Java HotSpot(TM) 64-Bit Server VM (25.45-b02) for bsd-amd64 JRE (1.8.0_45-b14), built on Apr 10 2015 10:46:38 by "java_re" with gcc 4.2.1 (Based on Apple Inc. build 5658) (LLVM build 2336.11.00)

time: Mon Dec 28 14:23:49 2015
elapsed time: 851 seconds (0d 0h 14m 11s)

