#
# A fatal error has been detected by the Java Runtime Environment:
#
#  SIGSEGV (0xb) at pc=0x000000011b64e58d, pid=2167, tid=2571
#
# JRE version: Java(TM) SE Runtime Environment (8.0_45-b14) (build 1.8.0_45-b14)
# Java VM: Java HotSpot(TM) 64-Bit Server VM (25.45-b02 mixed mode bsd-amd64 compressed oops)
# Problematic frame:
# C  [libglass.dylib+0x1558d]  GlassScreenDidChangeScreenParameters+0x9d
#
# Failed to write core dump. Core dumps have been disabled. To enable core dumping, try "ulimit -c unlimited" before starting Java again
#
# If you would like to submit a bug report, please visit:
#   http://bugreport.java.com/bugreport/crash.jsp
#

---------------  T H R E A D  ---------------

Current thread is native thread

siginfo: si_signo: 11 (SIGSEGV), si_code: 1 (SEGV_MAPERR), si_addr: 0x0000000000000000

Registers:
RAX=0x000000011b680bc0, RBX=0x0000000000000000, RCX=0x0000000000000103, RDX=0x00007fce90480728
RSP=0x00007fff5df77600, RBP=0x00007fff5df77610, RSI=0x00007fce90506fc0, RDI=0x0000000000000000
R8 =0x0000000000000040, R9 =0x00007fff74d6c1e0, R10=0xffffffffffffffff, R11=0x0000000000000246
R12=0x00007fce905c60f0, R13=0x00007fce9047fd60, R14=0x00007fce9047fda0, R15=0x0000000000000000
RIP=0x000000011b64e58d, EFLAGS=0x0000000000010206, ERR=0x0000000000000004
  TRAPNO=0x000000000000000e

Top of Stack: (sp=0x00007fff5df77600)
0x00007fff5df77600:   00007fff5df77658 00007fce9047fda0
0x00007fff5df77610:   00007fff5df77620 00007fff8e239c9c
0x00007fff5df77620:   00007fff5df77640 00007fff8e239c2f
0x00007fff5df77630:   0000000000000000 0000000000000000
0x00007fff5df77640:   00007fff5df776b0 00007fff8e239ba7
0x00007fff5df77650:   00007fff76f62110 00007fff76b140a0
0x00007fff5df77660:   0000000042000000 00007fff8e239bf0
0x00007fff5df77670:   00007fff7607b6f0 00007fce9047fd60
0x00007fff5df77680:   00007fce905c60f0 00007fff5df77e58
0x00007fff5df77690:   00007fff761a86d0 00007fff5df77e58
0x00007fff5df776a0:   00007fce9047fd60 00007fff8e5f8a02
0x00007fff5df776b0:   00007fff5df776f0 00007fff8e239912
0x00007fff5df776c0:   00007fff5df77cd0 0000000000000000
0x00007fff5df776d0:   00007fff761a86d0 00007fff5df77e58
0x00007fff5df776e0:   00007fff90b9ed40 00007fff8e5f8a02
0x00007fff5df776f0:   00007fff5df77e00 00007fff8e1f66d2
0x00007fff5df77700:   00007fce90449c00 0000000000000002
0x00007fff5df77710:   0000000000000000 00007fce90716d30
0x00007fff5df77720:   00007fce91002048 00007fce9075f300
0x00007fff5df77730:   0000000000000000 00007fce9047fe00
0x00007fff5df77740:   0000000000000000 0000000000000000
0x00007fff5df77750:   00007fff760b8b50 00007fff5df77cd0
0x00007fff5df77760:   0000000000000001 0000000000000100
0x00007fff5df77770:   0000000000001c00 00007fff5df77bd0
0x00007fff5df77780:   0000000000000000 0000000000000100
0x00007fff5df77790:   4092f80000000000 00007fff761a86d0
0x00007fff5df777a0:   0000000000000000 00007fff7607c490
0x00007fff5df777b0:   00007fff761a86d0 0000000000000000
0x00007fff5df777c0:   00007fff7607c490 00007fce905b1300
0x00007fff5df777d0:   00007fce90449c00 0000000000000002
0x00007fff5df777e0:   0000000000000000 00007fff90b9ed40
0x00007fff5df777f0:   00007fff5df779b0 00007fff93f19100 

Instructions: (pc=0x000000011b64e58d)
0x000000011b64e56d:   89 df 4c 89 f1 41 ff 90 68 04 00 00 48 8d 05 48
0x000000011b64e57d:   25 03 00 48 8b 30 48 8d 05 36 26 03 00 48 8b 10
0x000000011b64e58d:   48 8b 0b 30 c0 48 89 df ff 91 68 04 00 00 48 8b
0x000000011b64e59d:   03 48 89 df ff 50 78 48 85 c0 74 36 49 89 c6 48 

Register to memory mapping:

RAX=0x000000011b680bc0: jScreenNotifySettingsChanged+0 in /Library/Java/JavaVirtualMachines/jdk1.8.0_45.jdk/Contents/Home/jre/lib/libglass.dylib at 0x000000011b639000
RBX=0x0000000000000000 is an unknown value
RCX=0x0000000000000103 is an unknown value
RDX=0x00007fce90480728 is an unknown value
RSP=0x00007fff5df77600 is an unknown value
RBP=0x00007fff5df77610 is an unknown value
RSI=0x00007fce90506fc0 is a global jni handle
RDI=0x0000000000000000 is an unknown value
R8 =0x0000000000000040 is an unknown value
R9 =0x00007fff74d6c1e0: __sFX+0x1c0 in /usr/lib/system/libsystem_c.dylib at 0x00007fff89c54000
R10=0xffffffffffffffff is an unknown value
R11=0x0000000000000246 is an unknown value
R12=0x00007fce905c60f0 is an unknown value
R13=0x00007fce9047fd60 is an unknown value
R14=0x00007fce9047fda0 is an unknown value
R15=0x0000000000000000 is an unknown value


Stack: [0x00007fff5d77b000,0x00007fff5df7b000],  sp=0x00007fff5df77600,  free space=8177k
Native frames: (J=compiled Java code, j=interpreted, Vv=VM code, C=native code)
C  [libglass.dylib+0x1558d]  GlassScreenDidChangeScreenParameters+0x9d
C  [CoreFoundation+0xa0c9c]  __CFNOTIFICATIONCENTER_IS_CALLING_OUT_TO_AN_OBSERVER__+0xc
C  [CoreFoundation+0xa0c2f]  ___CFXRegistrationPost_block_invoke+0x3f
C  [CoreFoundation+0xa0ba7]  _CFXRegistrationPost+0x197
C  [CoreFoundation+0xa0912]  ___CFXNotificationPost_block_invoke+0x32
C  [CoreFoundation+0x5d6d2]  -[_CFXNotificationRegistrar find:object:observer:enumerator:]+0x782
C  [CoreFoundation+0x5c925]  _CFXNotificationPost+0x2b5
C  [Foundation+0x70fa]  -[NSNotificationCenter postNotificationName:object:userInfo:]+0x42
C  [AppKit+0x41da66]  -[NSApplication _reactToScreenInvalidationImmediately:]+0x17f
C  [AppKit+0x41d8b7]  __44-[NSApplication _reactToScreenInvalidation:]_block_invoke+0x3b
C  [CoreFoundation+0xaa4dc]  __CFRUNLOOP_IS_CALLING_OUT_TO_A_BLOCK__+0xc
C  [CoreFoundation+0x89df5]  __CFRunLoopDoBlocks+0x155
C  [CoreFoundation+0x89b5b]  __CFRunLoopRun+0x92b
C  [CoreFoundation+0x88fc8]  CFRunLoopRunSpecific+0x128
C  [java+0x6490]  CreateExecutionEnvironment+0x367
C  [java+0x221c]  JLI_Launch+0x7a0
C  [java+0x84ed]  main+0x65
C  [java+0x1a74]  start+0x34


---------------  P R O C E S S  ---------------

VM state:not at safepoint (normal execution)

VM Mutex/Monitor currently owned by a thread: None

Heap:
 PSYoungGen      total 101888K, used 17502K [0x0000000795580000, 0x000000079e180000, 0x00000007c0000000)
  eden space 96768K, 12% used [0x0000000795580000,0x000000079619dbd0,0x000000079b400000)
  from space 5120K, 99% used [0x000000079dc80000,0x000000079e179c48,0x000000079e180000)
  to   space 5120K, 0% used [0x000000079d780000,0x000000079d780000,0x000000079dc80000)
 ParOldGen       total 66048K, used 12202K [0x0000000740000000, 0x0000000744080000, 0x0000000795580000)
  object space 66048K, 18% used [0x0000000740000000,0x0000000740beaaf8,0x0000000744080000)
 Metaspace       used 33401K, capacity 34184K, committed 34432K, reserved 1079296K
  class space    used 4937K, capacity 5127K, committed 5248K, reserved 1048576K

Card table byte_map: [0x0000000112b29000,0x0000000112f2a000] byte_map_base: 0x000000010f129000

Marking Bits: (ParMarkBitMap*) 0x00000001030c27a0
 Begin Bits: [0x00000001131d5000, 0x00000001151d5000)
 End Bits:   [0x00000001151d5000, 0x00000001171d5000)

Polling page: 0x0000000101f7a000

CodeCache: size=245760Kb used=10473Kb max_used=10484Kb free=235286Kb
 bounds [0x0000000103769000, 0x00000001041b9000, 0x0000000112769000]
 total_blobs=3948 nmethods=3173 adapters=688
 compilation: enabled

Compilation events (10 events):
Event: 17.269 Thread 0x00007fce90805000 nmethod 3172 0x00000001041a76d0 code [0x00000001041a7820, 0x00000001041a7930]
Event: 17.270 Thread 0x00007fce90805000 3174       3       com.sun.javafx.scene.control.behavior.KeyBinding::getSpecificity (165 bytes)
Event: 17.270 Thread 0x00007fce90817000 nmethod 3173 0x00000001041aa610 code [0x00000001041aa760, 0x00000001041aa7f8]
Event: 17.270 Thread 0x00007fce90805000 nmethod 3174 0x00000001041a9550 code [0x00000001041a9740, 0x00000001041aa398]
Event: 17.277 Thread 0x00007fce90805000 3175       1       javafx.scene.input.MouseEvent::isPrimaryButtonDown (5 bytes)
Event: 17.277 Thread 0x00007fce90805000 nmethod 3175 0x00000001041a9290 code [0x00000001041a93e0, 0x00000001041a94f0]
Event: 17.277 Thread 0x00007fce90805000 3176       3       com.sun.javafx.event.EventDispatchChainImpl::dispatchEvent (101 bytes)
Event: 17.277 Thread 0x00007fce90805000 nmethod 3176 0x00000001041a8c10 code [0x00000001041a8da0, 0x00000001041a90a8]
Event: 32.756 Thread 0x00007fce90817000 3177       4       java.lang.ref.ReferenceQueue::reallyPoll (66 bytes)
Event: 32.758 Thread 0x00007fce90817000 nmethod 3177 0x00000001041a88d0 code [0x00000001041a8a20, 0x00000001041a8b78]

GC Heap History (10 events):
Event: 0.712 GC heap before
{Heap before GC invocations=1 (full 0):
 PSYoungGen      total 38400K, used 33280K [0x0000000795580000, 0x0000000798000000, 0x00000007c0000000)
  eden space 33280K, 100% used [0x0000000795580000,0x0000000797600000,0x0000000797600000)
  from space 5120K, 0% used [0x0000000797b00000,0x0000000797b00000,0x0000000798000000)
  to   space 5120K, 0% used [0x0000000797600000,0x0000000797600000,0x0000000797b00000)
 ParOldGen       total 87552K, used 0K [0x0000000740000000, 0x0000000745580000, 0x0000000795580000)
  object space 87552K, 0% used [0x0000000740000000,0x0000000740000000,0x0000000745580000)
 Metaspace       used 7787K, capacity 8034K, committed 8192K, reserved 1056768K
  class space    used 881K, capacity 955K, committed 1024K, reserved 1048576K
Event: 0.723 GC heap after
Heap after GC invocations=1 (full 0):
 PSYoungGen      total 38400K, used 2722K [0x0000000795580000, 0x000000079a080000, 0x00000007c0000000)
  eden space 33280K, 0% used [0x0000000795580000,0x0000000795580000,0x0000000797600000)
  from space 5120K, 53% used [0x0000000797600000,0x00000007978a8860,0x0000000797b00000)
  to   space 5120K, 0% used [0x0000000799b80000,0x0000000799b80000,0x000000079a080000)
 ParOldGen       total 87552K, used 8K [0x0000000740000000, 0x0000000745580000, 0x0000000795580000)
  object space 87552K, 0% used [0x0000000740000000,0x0000000740002000,0x0000000745580000)
 Metaspace       used 7787K, capacity 8034K, committed 8192K, reserved 1056768K
  class space    used 881K, capacity 955K, committed 1024K, reserved 1048576K
}
Event: 1.725 GC heap before
{Heap before GC invocations=2 (full 0):
 PSYoungGen      total 38400K, used 36002K [0x0000000795580000, 0x000000079a080000, 0x00000007c0000000)
  eden space 33280K, 100% used [0x0000000795580000,0x0000000797600000,0x0000000797600000)
  from space 5120K, 53% used [0x0000000797600000,0x00000007978a8860,0x0000000797b00000)
  to   space 5120K, 0% used [0x0000000799b80000,0x0000000799b80000,0x000000079a080000)
 ParOldGen       total 87552K, used 8K [0x0000000740000000, 0x0000000745580000, 0x0000000795580000)
  object space 87552K, 0% used [0x0000000740000000,0x0000000740002000,0x0000000745580000)
 Metaspace       used 15829K, capacity 16132K, committed 16256K, reserved 1062912K
  class space    used 2026K, capacity 2134K, committed 2176K, reserved 1048576K
Event: 1.736 GC heap after
Heap after GC invocations=2 (full 0):
 PSYoungGen      total 71680K, used 5092K [0x0000000795580000, 0x000000079a080000, 0x00000007c0000000)
  eden space 66560K, 0% used [0x0000000795580000,0x0000000795580000,0x0000000799680000)
  from space 5120K, 99% used [0x0000000799b80000,0x000000079a079380,0x000000079a080000)
  to   space 5120K, 0% used [0x0000000799680000,0x0000000799680000,0x0000000799b80000)
 ParOldGen       total 87552K, used 1892K [0x0000000740000000, 0x0000000745580000, 0x0000000795580000)
  object space 87552K, 2% used [0x0000000740000000,0x00000007401d9148,0x0000000745580000)
 Metaspace       used 15829K, capacity 16132K, committed 16256K, reserved 1062912K
  class space    used 2026K, capacity 2134K, committed 2176K, reserved 1048576K
}
Event: 2.530 GC heap before
{Heap before GC invocations=3 (full 0):
 PSYoungGen      total 71680K, used 31823K [0x0000000795580000, 0x000000079a080000, 0x00000007c0000000)
  eden space 66560K, 40% used [0x0000000795580000,0x0000000796f9aa80,0x0000000799680000)
  from space 5120K, 99% used [0x0000000799b80000,0x000000079a079380,0x000000079a080000)
  to   space 5120K, 0% used [0x0000000799680000,0x0000000799680000,0x0000000799b80000)
 ParOldGen       total 87552K, used 1892K [0x0000000740000000, 0x0000000745580000, 0x0000000795580000)
  object space 87552K, 2% used [0x0000000740000000,0x00000007401d9148,0x0000000745580000)
 Metaspace       used 20780K, capacity 21070K, committed 21248K, reserved 1067008K
  class space    used 2860K, capacity 2967K, committed 3072K, reserved 1048576K
Event: 2.546 GC heap after
Heap after GC invocations=3 (full 0):
 PSYoungGen      total 71680K, used 5108K [0x0000000795580000, 0x000000079e180000, 0x00000007c0000000)
  eden space 66560K, 0% used [0x0000000795580000,0x0000000795580000,0x0000000799680000)
  from space 5120K, 99% used [0x0000000799680000,0x0000000799b7d3f0,0x0000000799b80000)
  to   space 5120K, 0% used [0x000000079dc80000,0x000000079dc80000,0x000000079e180000)
 ParOldGen       total 87552K, used 6200K [0x0000000740000000, 0x0000000745580000, 0x0000000795580000)
  object space 87552K, 7% used [0x0000000740000000,0x000000074060e268,0x0000000745580000)
 Metaspace       used 20780K, capacity 21070K, committed 21248K, reserved 1067008K
  class space    used 2860K, capacity 2967K, committed 3072K, reserved 1048576K
}
Event: 2.546 GC heap before
{Heap before GC invocations=4 (full 1):
 PSYoungGen      total 71680K, used 5108K [0x0000000795580000, 0x000000079e180000, 0x00000007c0000000)
  eden space 66560K, 0% used [0x0000000795580000,0x0000000795580000,0x0000000799680000)
  from space 5120K, 99% used [0x0000000799680000,0x0000000799b7d3f0,0x0000000799b80000)
  to   space 5120K, 0% used [0x000000079dc80000,0x000000079dc80000,0x000000079e180000)
 ParOldGen       total 87552K, used 6200K [0x0000000740000000, 0x0000000745580000, 0x0000000795580000)
  object space 87552K, 7% used [0x0000000740000000,0x000000074060e268,0x0000000745580000)
 Metaspace       used 20780K, capacity 21070K, committed 21248K, reserved 1067008K
  class space    used 2860K, capacity 2967K, committed 3072K, reserved 1048576K
Event: 2.590 GC heap after
Heap after GC invocations=4 (full 1):
 PSYoungGen      total 71680K, used 0K [0x0000000795580000, 0x000000079e180000, 0x00000007c0000000)
  eden space 66560K, 0% used [0x0000000795580000,0x0000000795580000,0x0000000799680000)
  from space 5120K, 0% used [0x0000000799680000,0x0000000799680000,0x0000000799b80000)
  to   space 5120K, 0% used [0x000000079dc80000,0x000000079dc80000,0x000000079e180000)
 ParOldGen       total 66048K, used 9326K [0x0000000740000000, 0x0000000744080000, 0x0000000795580000)
  object space 66048K, 14% used [0x0000000740000000,0x000000074091b808,0x0000000744080000)
 Metaspace       used 20780K, capacity 21070K, committed 21248K, reserved 1067008K
  class space    used 2860K, capacity 2967K, committed 3072K, reserved 1048576K
}
Event: 4.109 GC heap before
{Heap before GC invocations=5 (full 1):
 PSYoungGen      total 71680K, used 66560K [0x0000000795580000, 0x000000079e180000, 0x00000007c0000000)
  eden space 66560K, 100% used [0x0000000795580000,0x0000000799680000,0x0000000799680000)
  from space 5120K, 0% used [0x0000000799680000,0x0000000799680000,0x0000000799b80000)
  to   space 5120K, 0% used [0x000000079dc80000,0x000000079dc80000,0x000000079e180000)
 ParOldGen       total 66048K, used 9326K [0x0000000740000000, 0x0000000744080000, 0x0000000795580000)
  object space 66048K, 14% used [0x0000000740000000,0x000000074091b808,0x0000000744080000)
 Metaspace       used 30988K, capacity 31590K, committed 31872K, reserved 1077248K
  class space    used 4539K, capacity 4716K, committed 4736K, reserved 1048576K
Event: 4.126 GC heap after
Heap after GC invocations=5 (full 1):
 PSYoungGen      total 101888K, used 5095K [0x0000000795580000, 0x000000079e180000, 0x00000007c0000000)
  eden space 96768K, 0% used [0x0000000795580000,0x0000000795580000,0x000000079b400000)
  from space 5120K, 99% used [0x000000079dc80000,0x000000079e179c48,0x000000079e180000)
  to   space 5120K, 0% used [0x000000079d780000,0x000000079d780000,0x000000079dc80000)
 ParOldGen       total 66048K, used 12202K [0x0000000740000000, 0x0000000744080000, 0x0000000795580000)
  object space 66048K, 18% used [0x0000000740000000,0x0000000740beaaf8,0x0000000744080000)
 Metaspace       used 30988K, capacity 31590K, committed 31872K, reserved 1077248K
  class space    used 4539K, capacity 4716K, committed 4736K, reserved 1048576K
}

Deoptimization events (10 events):
Event: 3.657 Thread 0x00007fce9192f800 Uncommon trap: reason=unstable_if action=reinterpret pc=0x0000000103dca1f8 method=java.util.regex.Pattern$BmpCharProperty.match(Ljava/util/regex/Matcher;ILjava/lang/CharSequence;)Z @ 5
Event: 3.716 Thread 0x00007fce9192f800 Uncommon trap: reason=unstable_if action=reinterpret pc=0x0000000103b8f15c method=com.sun.org.apache.xerces.internal.impl.io.UTF8Reader.read([CII)I @ 131
Event: 4.076 Thread 0x00007fce9192f800 Uncommon trap: reason=null_check action=make_not_entrant pc=0x0000000104007300 method=com.sun.org.apache.xerces.internal.utils.XMLLimitAnalyzer.isTracking(Ljava/lang/String;)Z @ 14
Event: 4.082 Thread 0x00007fce9192f800 Uncommon trap: reason=unstable_if action=reinterpret pc=0x0000000103db6730 method=java.util.concurrent.ConcurrentHashMap.putVal(Ljava/lang/Object;Ljava/lang/Object;Z)Ljava/lang/Object; @ 206
Event: 4.213 Thread 0x00007fce9192f800 Uncommon trap: reason=bimorphic action=maybe_recompile pc=0x0000000104034dd8 method=java.util.regex.Pattern$Curly.match0(Ljava/util/regex/Matcher;IILjava/lang/CharSequence;)Z @ 77
Event: 4.214 Thread 0x00007fce9192f800 Uncommon trap: reason=unstable_if action=reinterpret pc=0x0000000103f7bedc method=java.util.regex.Pattern$BmpCharProperty.match(Ljava/util/regex/Matcher;ILjava/lang/CharSequence;)Z @ 34
Event: 4.349 Thread 0x00007fce9192f800 Uncommon trap: reason=bimorphic action=maybe_recompile pc=0x0000000103d49b54 method=java.util.Hashtable.get(Ljava/lang/Object;)Ljava/lang/Object; @ 6
Event: 4.358 Thread 0x00007fce9192f800 Uncommon trap: reason=bimorphic action=maybe_recompile pc=0x0000000103d49b54 method=java.util.Hashtable.get(Ljava/lang/Object;)Ljava/lang/Object; @ 6
Event: 4.360 Thread 0x00007fce9192f800 Uncommon trap: reason=bimorphic action=maybe_recompile pc=0x0000000103d49b54 method=java.util.Hashtable.get(Ljava/lang/Object;)Ljava/lang/Object; @ 6
Event: 4.361 Thread 0x00007fce9192f800 Uncommon trap: reason=bimorphic action=maybe_recompile pc=0x0000000103d49b54 method=java.util.Hashtable.get(Ljava/lang/Object;)Ljava/lang/Object; @ 6

Internal exceptions (10 events):
Event: 1.033 Thread 0x00007fce91802000 Implicit null exception at 0x00000001039c6175 to 0x00000001039c64e1
Event: 1.202 Thread 0x00007fce91802000 Implicit null exception at 0x0000000103994675 to 0x00000001039949d5
Event: 1.351 Thread 0x00007fce91802000 Exception <a 'java/lang/ClassNotFoundException': com/sun/org/glassfish/hk2/osgiresourcelocator/ServiceLoader> (0x0000000796617bc0) thrown at [/Users/java_re/workspace/8-2-build-macosx-x86_64/jdk8u45/3457/hotspot/src/share/vm/classfile/systemDictionary.cpp
Event: 2.515 Thread 0x00007fce91802000 Exception <a 'java/lang/NullPointerException'> (0x0000000796e8e368) thrown at [/Users/java_re/workspace/8-2-build-macosx-x86_64/jdk8u45/3457/hotspot/src/share/vm/runtime/reflection.cpp, line 921]
Event: 2.981 Thread 0x00007fce9192f800 Exception <a 'java/lang/NullPointerException'> (0x0000000796c94d70) thrown at [/Users/java_re/workspace/8-2-build-macosx-x86_64/jdk8u45/3457/hotspot/src/share/vm/interpreter/linkResolver.cpp, line 1178]
Event: 2.981 Thread 0x00007fce9192f800 Exception <a 'java/lang/NullPointerException'> (0x0000000796c94d70) thrown at [/Users/java_re/workspace/8-2-build-macosx-x86_64/jdk8u45/3457/hotspot/src/share/vm/prims/jvm.cpp, line 1386]
Event: 3.720 Thread 0x00007fce9192f800 Exception <a 'java/lang/ClassNotFoundException': com/sun/org/glassfish/hk2/osgiresourcelocator/ServiceLoader> (0x0000000797d6eb70) thrown at [/Users/java_re/workspace/8-2-build-macosx-x86_64/jdk8u45/3457/hotspot/src/share/vm/classfile/systemDictionary.cpp
Event: 3.747 Thread 0x00007fce9192f800 Exception <a 'java/lang/ClassNotFoundException': com/sun/org/glassfish/hk2/osgiresourcelocator/ServiceLoader> (0x0000000797f9bf28) thrown at [/Users/java_re/workspace/8-2-build-macosx-x86_64/jdk8u45/3457/hotspot/src/share/vm/classfile/systemDictionary.cpp
Event: 4.076 Thread 0x00007fce9192f800 Implicit null exception at 0x0000000104008f50 to 0x00000001040072e9
Event: 4.094 Thread 0x00007fce9192f800 Exception <a 'java/lang/NullPointerException'> (0x00000007995c50f8) thrown at [/Users/java_re/workspace/8-2-build-macosx-x86_64/jdk8u45/3457/hotspot/src/share/vm/runtime/reflection.cpp, line 921]

Events (10 events):
Event: 17.272 loading class javafx/application/Application done
Event: 17.284 Thread 0x00007fce922be000 Thread exited: 0x00007fce922be000
Event: 17.284 Thread 0x00007fce91802000 Thread exited: 0x00007fce91802000
Event: 17.284 Thread 0x00007fce96801000 Thread added: 0x00007fce96801000
Event: 17.285 loading class com/sun/javafx/tk/quantum/QuantumRenderer
Event: 17.285 loading class com/sun/javafx/tk/quantum/QuantumRenderer done
Event: 17.285 loading class com/sun/javafx/tk/quantum/QuantumToolkit
Event: 17.285 loading class com/sun/javafx/tk/quantum/QuantumToolkit done
Event: 17.285 Thread 0x00007fce908d3000 Thread exited: 0x00007fce908d3000
Event: 17.286 Thread 0x00007fce9192f800 Thread exited: 0x00007fce9192f800


Dynamic libraries:
0x000000000384b000 	/System/Library/Frameworks/Cocoa.framework/Versions/A/Cocoa
0x000000000384b000 	/System/Library/Frameworks/Security.framework/Versions/A/Security
0x000000000384b000 	/System/Library/Frameworks/ApplicationServices.framework/Versions/A/ApplicationServices
0x000000000384b000 	/usr/lib/libz.1.dylib
0x000000000384b000 	/usr/lib/libSystem.B.dylib
0x000000000384b000 	/usr/lib/libobjc.A.dylib
0x000000000384b000 	/System/Library/Frameworks/CoreFoundation.framework/Versions/A/CoreFoundation
0x000000000384b000 	/System/Library/Frameworks/Foundation.framework/Versions/C/Foundation
0x000000000384b000 	/System/Library/Frameworks/AppKit.framework/Versions/C/AppKit
0x000000000384b000 	/System/Library/Frameworks/CoreData.framework/Versions/A/CoreData
0x000000000384b000 	/System/Library/PrivateFrameworks/RemoteViewServices.framework/Versions/A/RemoteViewServices
0x000000000384b000 	/System/Library/PrivateFrameworks/UIFoundation.framework/Versions/A/UIFoundation
0x000000000384b000 	/usr/lib/libScreenReader.dylib
0x000000000384b000 	/System/Library/Frameworks/Accelerate.framework/Versions/A/Accelerate
0x000000000384b000 	/System/Library/Frameworks/IOSurface.framework/Versions/A/IOSurface
0x000000000384b000 	/System/Library/Frameworks/AudioToolbox.framework/Versions/A/AudioToolbox
0x000000000384b000 	/System/Library/Frameworks/AudioUnit.framework/Versions/A/AudioUnit
0x000000000384b000 	/System/Library/PrivateFrameworks/DataDetectorsCore.framework/Versions/A/DataDetectorsCore
0x000000000384b000 	/System/Library/PrivateFrameworks/DesktopServicesPriv.framework/Versions/A/DesktopServicesPriv
0x000000000384b000 	/System/Library/Frameworks/Carbon.framework/Versions/A/Frameworks/HIToolbox.framework/Versions/A/HIToolbox
0x000000000384b000 	/System/Library/Frameworks/QuartzCore.framework/Versions/A/QuartzCore
0x000000000384b000 	/System/Library/Frameworks/Carbon.framework/Versions/A/Frameworks/SpeechRecognition.framework/Versions/A/SpeechRecognition
0x000000000384b000 	/usr/lib/libauto.dylib
0x000000000384b000 	/usr/lib/libicucore.A.dylib
0x000000000384b000 	/usr/lib/libxml2.2.dylib
0x000000000384b000 	/System/Library/PrivateFrameworks/CoreUI.framework/Versions/A/CoreUI
0x000000000384b000 	/System/Library/Frameworks/CoreAudio.framework/Versions/A/CoreAudio
0x000000000384b000 	/System/Library/Frameworks/DiskArbitration.framework/Versions/A/DiskArbitration
0x000000000384b000 	/usr/lib/liblangid.dylib
0x000000000384b000 	/System/Library/PrivateFrameworks/MultitouchSupport.framework/Versions/A/MultitouchSupport
0x000000000384b000 	/System/Library/Frameworks/IOKit.framework/Versions/A/IOKit
0x000000000384b000 	/usr/lib/libDiagnosticMessagesClient.dylib
0x000000000384b000 	/System/Library/Frameworks/CoreServices.framework/Versions/A/CoreServices
0x000000000384b000 	/System/Library/PrivateFrameworks/PerformanceAnalysis.framework/Versions/A/PerformanceAnalysis
0x000000000384b000 	/System/Library/PrivateFrameworks/GenerationalStorage.framework/Versions/A/GenerationalStorage
0x000000000384b000 	/System/Library/Frameworks/OpenGL.framework/Versions/A/OpenGL
0x000000000384b000 	/System/Library/PrivateFrameworks/Sharing.framework/Versions/A/Sharing
0x000000000384b000 	/System/Library/Frameworks/CoreGraphics.framework/Versions/A/CoreGraphics
0x000000000384b000 	/System/Library/Frameworks/CoreImage.framework/Versions/A/CoreImage
0x000000000384b000 	/System/Library/Frameworks/CoreText.framework/Versions/A/CoreText
0x000000000384b000 	/System/Library/Frameworks/ImageIO.framework/Versions/A/ImageIO
0x000000000384b000 	/System/Library/PrivateFrameworks/Backup.framework/Versions/A/Backup
0x000000000384b000 	/usr/lib/libextension.dylib
0x000000000384b000 	/usr/lib/libarchive.2.dylib
0x000000000384b000 	/System/Library/Frameworks/CFNetwork.framework/Versions/A/CFNetwork
0x000000000384b000 	/System/Library/Frameworks/SystemConfiguration.framework/Versions/A/SystemConfiguration
0x000000000384b000 	/usr/lib/libCRFSuite.dylib
0x000000000384b000 	/usr/lib/libc++.1.dylib
0x000000000384b000 	/usr/lib/libc++abi.dylib
0x000000000384b000 	/usr/lib/system/libcache.dylib
0x000000000384b000 	/usr/lib/system/libcommonCrypto.dylib
0x000000000384b000 	/usr/lib/system/libcompiler_rt.dylib
0x000000000384b000 	/usr/lib/system/libcopyfile.dylib
0x000000000384b000 	/usr/lib/system/libcorecrypto.dylib
0x000000000384b000 	/usr/lib/system/libdispatch.dylib
0x000000000384b000 	/usr/lib/system/libdyld.dylib
0x000000000384b000 	/usr/lib/system/libkeymgr.dylib
0x000000000384b000 	/usr/lib/system/liblaunch.dylib
0x000000000384b000 	/usr/lib/system/libmacho.dylib
0x000000000384b000 	/usr/lib/system/libquarantine.dylib
0x000000000384b000 	/usr/lib/system/libremovefile.dylib
0x000000000384b000 	/usr/lib/system/libsystem_asl.dylib
0x000000000384b000 	/usr/lib/system/libsystem_blocks.dylib
0x000000000384b000 	/usr/lib/system/libsystem_c.dylib
0x000000000384b000 	/usr/lib/system/libsystem_configuration.dylib
0x000000000384b000 	/usr/lib/system/libsystem_coreservices.dylib
0x000000000384b000 	/usr/lib/system/libsystem_coretls.dylib
0x000000000384b000 	/usr/lib/system/libsystem_dnssd.dylib
0x000000000384b000 	/usr/lib/system/libsystem_info.dylib
0x000000000384b000 	/usr/lib/system/libsystem_kernel.dylib
0x000000000384b000 	/usr/lib/system/libsystem_m.dylib
0x000000000384b000 	/usr/lib/system/libsystem_malloc.dylib
0x000000000384b000 	/usr/lib/system/libsystem_network.dylib
0x000000000384b000 	/usr/lib/system/libsystem_networkextension.dylib
0x000000000384b000 	/usr/lib/system/libsystem_notify.dylib
0x000000000384b000 	/usr/lib/system/libsystem_platform.dylib
0x000000000384b000 	/usr/lib/system/libsystem_pthread.dylib
0x000000000384b000 	/usr/lib/system/libsystem_sandbox.dylib
0x000000000384b000 	/usr/lib/system/libsystem_secinit.dylib
0x000000000384b000 	/usr/lib/system/libsystem_trace.dylib
0x000000000384b000 	/usr/lib/system/libunc.dylib
0x000000000384b000 	/usr/lib/system/libunwind.dylib
0x000000000384b000 	/usr/lib/system/libxpc.dylib
0x000000000384b000 	/usr/lib/libenergytrace.dylib
0x000000000384b000 	/usr/lib/libbsm.0.dylib
0x000000000384b000 	/usr/lib/system/libkxld.dylib
0x000000000384b000 	/usr/lib/libxar.1.dylib
0x000000000384b000 	/usr/lib/libsqlite3.dylib
0x000000000384b000 	/usr/lib/libpam.2.dylib
0x000000000384b000 	/usr/lib/libOpenScriptingUtil.dylib
0x000000000384b000 	/usr/lib/libbz2.1.0.dylib
0x000000000384b000 	/usr/lib/liblzma.5.dylib
0x000000000384b000 	/System/Library/Frameworks/CoreServices.framework/Versions/A/Frameworks/FSEvents.framework/Versions/A/FSEvents
0x000000000384b000 	/System/Library/Frameworks/CoreServices.framework/Versions/A/Frameworks/CarbonCore.framework/Versions/A/CarbonCore
0x000000000384b000 	/System/Library/Frameworks/CoreServices.framework/Versions/A/Frameworks/Metadata.framework/Versions/A/Metadata
0x000000000384b000 	/System/Library/Frameworks/CoreServices.framework/Versions/A/Frameworks/OSServices.framework/Versions/A/OSServices
0x000000000384b000 	/System/Library/Frameworks/CoreServices.framework/Versions/A/Frameworks/SearchKit.framework/Versions/A/SearchKit
0x000000000384b000 	/System/Library/Frameworks/CoreServices.framework/Versions/A/Frameworks/AE.framework/Versions/A/AE
0x000000000384b000 	/System/Library/Frameworks/CoreServices.framework/Versions/A/Frameworks/LaunchServices.framework/Versions/A/LaunchServices
0x000000000384b000 	/System/Library/Frameworks/CoreServices.framework/Versions/A/Frameworks/DictionaryServices.framework/Versions/A/DictionaryServices
0x000000000384b000 	/System/Library/Frameworks/CoreServices.framework/Versions/A/Frameworks/SharedFileList.framework/Versions/A/SharedFileList
0x000000000384b000 	/System/Library/Frameworks/NetFS.framework/Versions/A/NetFS
0x000000000384b000 	/System/Library/PrivateFrameworks/NetAuth.framework/Versions/A/NetAuth
0x000000000384b000 	/System/Library/PrivateFrameworks/login.framework/Versions/A/Frameworks/loginsupport.framework/Versions/A/loginsupport
0x000000000384b000 	/System/Library/PrivateFrameworks/TCC.framework/Versions/A/TCC
0x000000000384b000 	/usr/lib/libmecabra.dylib
0x000000000384b000 	/System/Library/Frameworks/ApplicationServices.framework/Versions/A/Frameworks/ATS.framework/Versions/A/ATS
0x000000000384b000 	/System/Library/Frameworks/ApplicationServices.framework/Versions/A/Frameworks/ColorSync.framework/Versions/A/ColorSync
0x000000000384b000 	/System/Library/Frameworks/ApplicationServices.framework/Versions/A/Frameworks/HIServices.framework/Versions/A/HIServices
0x000000000384b000 	/System/Library/Frameworks/ApplicationServices.framework/Versions/A/Frameworks/LangAnalysis.framework/Versions/A/LangAnalysis
0x000000000384b000 	/System/Library/Frameworks/ApplicationServices.framework/Versions/A/Frameworks/PrintCore.framework/Versions/A/PrintCore
0x000000000384b000 	/System/Library/Frameworks/ApplicationServices.framework/Versions/A/Frameworks/QD.framework/Versions/A/QD
0x000000000384b000 	/System/Library/Frameworks/ApplicationServices.framework/Versions/A/Frameworks/SpeechSynthesis.framework/Versions/A/SpeechSynthesis
0x000000000384b000 	/System/Library/Frameworks/Metal.framework/Versions/A/Metal
0x000000000384b000 	/System/Library/Frameworks/Accelerate.framework/Versions/A/Frameworks/vImage.framework/Versions/A/vImage
0x000000000384b000 	/System/Library/Frameworks/Accelerate.framework/Versions/A/Frameworks/vecLib.framework/Versions/A/vecLib
0x000000000384b000 	/System/Library/Frameworks/Accelerate.framework/Versions/A/Frameworks/vecLib.framework/Versions/A/libvDSP.dylib
0x000000000384b000 	/System/Library/Frameworks/Accelerate.framework/Versions/A/Frameworks/vecLib.framework/Versions/A/libvMisc.dylib
0x000000000384b000 	/System/Library/Frameworks/Accelerate.framework/Versions/A/Frameworks/vecLib.framework/Versions/A/libLAPACK.dylib
0x000000000384b000 	/System/Library/Frameworks/Accelerate.framework/Versions/A/Frameworks/vecLib.framework/Versions/A/libBLAS.dylib
0x000000000384b000 	/System/Library/Frameworks/Accelerate.framework/Versions/A/Frameworks/vecLib.framework/Versions/A/libLinearAlgebra.dylib
0x000000000384b000 	/System/Library/Frameworks/Accelerate.framework/Versions/A/Frameworks/vecLib.framework/Versions/A/libSparseBLAS.dylib
0x000000000384b000 	/System/Library/PrivateFrameworks/GPUCompiler.framework/libmetal_timestamp.dylib
0x000000000384b000 	/System/Library/Frameworks/OpenGL.framework/Versions/A/Libraries/libCoreFSCache.dylib
0x000000000384b000 	/System/Library/PrivateFrameworks/IOAccelerator.framework/Versions/A/IOAccelerator
0x000000000384b000 	/System/Library/Frameworks/ApplicationServices.framework/Versions/A/Frameworks/ATS.framework/Versions/A/Resources/libFontParser.dylib
0x000000000384b000 	/System/Library/Frameworks/ApplicationServices.framework/Versions/A/Frameworks/ATS.framework/Versions/A/Resources/libFontRegistry.dylib
0x000000000384b000 	/System/Library/PrivateFrameworks/AppleVPA.framework/Versions/A/AppleVPA
0x000000000384b000 	/System/Library/PrivateFrameworks/AppleJPEG.framework/Versions/A/AppleJPEG
0x000000000384b000 	/System/Library/Frameworks/ImageIO.framework/Versions/A/Resources/libJPEG.dylib
0x000000000384b000 	/System/Library/Frameworks/ImageIO.framework/Versions/A/Resources/libTIFF.dylib
0x000000000384b000 	/System/Library/Frameworks/ImageIO.framework/Versions/A/Resources/libPng.dylib
0x000000000384b000 	/System/Library/Frameworks/ImageIO.framework/Versions/A/Resources/libGIF.dylib
0x000000000384b000 	/System/Library/Frameworks/ImageIO.framework/Versions/A/Resources/libJP2.dylib
0x000000000384b000 	/System/Library/Frameworks/ImageIO.framework/Versions/A/Resources/libRadiance.dylib
0x000000000384b000 	/System/Library/Frameworks/CoreVideo.framework/Versions/A/CoreVideo
0x000000000384b000 	/System/Library/Frameworks/OpenGL.framework/Versions/A/Libraries/libGLU.dylib
0x000000000384b000 	/System/Library/Frameworks/OpenGL.framework/Versions/A/Libraries/libGFXShared.dylib
0x000000000384b000 	/System/Library/Frameworks/OpenGL.framework/Versions/A/Libraries/libGL.dylib
0x000000000384b000 	/System/Library/Frameworks/OpenGL.framework/Versions/A/Libraries/libGLImage.dylib
0x000000000384b000 	/System/Library/Frameworks/OpenGL.framework/Versions/A/Libraries/libCVMSPluginSupport.dylib
0x000000000384b000 	/System/Library/Frameworks/OpenGL.framework/Versions/A/Libraries/libCoreVMClient.dylib
0x000000000384b000 	/usr/lib/libcups.2.dylib
0x000000000384b000 	/System/Library/Frameworks/Kerberos.framework/Versions/A/Kerberos
0x000000000384b000 	/System/Library/Frameworks/GSS.framework/Versions/A/GSS
0x000000000384b000 	/usr/lib/libresolv.9.dylib
0x000000000384b000 	/usr/lib/libiconv.2.dylib
0x000000000384b000 	/System/Library/PrivateFrameworks/Heimdal.framework/Versions/A/Heimdal
0x000000000384b000 	/usr/lib/libheimdal-asn1.dylib
0x000000000384b000 	/System/Library/Frameworks/OpenDirectory.framework/Versions/A/OpenDirectory
0x000000000384b000 	/System/Library/PrivateFrameworks/CommonAuth.framework/Versions/A/CommonAuth
0x000000000384b000 	/System/Library/Frameworks/OpenDirectory.framework/Versions/A/Frameworks/CFOpenDirectory.framework/Versions/A/CFOpenDirectory
0x000000000384b000 	/System/Library/Frameworks/SecurityFoundation.framework/Versions/A/SecurityFoundation
0x000000000384b000 	/System/Library/PrivateFrameworks/LanguageModeling.framework/Versions/A/LanguageModeling
0x000000000384b000 	/usr/lib/libmarisa.dylib
0x000000000384b000 	/usr/lib/libChineseTokenizer.dylib
0x000000000384b000 	/usr/lib/libcmph.dylib
0x000000000384b000 	/usr/lib/libcompression.dylib
0x000000000384b000 	/System/Library/Frameworks/ServiceManagement.framework/Versions/A/ServiceManagement
0x000000000384b000 	/usr/lib/libxslt.1.dylib
0x000000000384b000 	/System/Library/Frameworks/Carbon.framework/Versions/A/Frameworks/Ink.framework/Versions/A/Ink
0x000000000384b000 	/usr/lib/libFosl_dynamic.dylib
0x000000000384b000 	/System/Library/PrivateFrameworks/FaceCore.framework/Versions/A/FaceCore
0x000000000384b000 	/System/Library/Frameworks/OpenCL.framework/Versions/A/OpenCL
0x000000000384b000 	/System/Library/PrivateFrameworks/CrashReporterSupport.framework/Versions/A/CrashReporterSupport
0x000000000384b000 	/System/Library/PrivateFrameworks/IconServices.framework/Versions/A/IconServices
0x000000000384b000 	/System/Library/PrivateFrameworks/Apple80211.framework/Versions/A/Apple80211
0x000000000384b000 	/System/Library/Frameworks/CoreWLAN.framework/Versions/A/CoreWLAN
0x000000000384b000 	/System/Library/Frameworks/IOBluetooth.framework/Versions/A/IOBluetooth
0x000000000384b000 	/System/Library/PrivateFrameworks/CoreWiFi.framework/Versions/A/CoreWiFi
0x000000000384b000 	/System/Library/Frameworks/CoreBluetooth.framework/Versions/A/CoreBluetooth
0x000000000384b000 	/System/Library/PrivateFrameworks/ChunkingLibrary.framework/Versions/A/ChunkingLibrary
0x000000000384b000 	/System/Library/PrivateFrameworks/DebugSymbols.framework/Versions/A/DebugSymbols
0x000000000384b000 	/System/Library/PrivateFrameworks/CoreSymbolication.framework/Versions/A/CoreSymbolication
0x000000000384b000 	/System/Library/PrivateFrameworks/Symbolication.framework/Versions/A/Symbolication
0x000000000384b000 	/System/Library/PrivateFrameworks/SpeechRecognitionCore.framework/Versions/A/SpeechRecognitionCore
0x0000000102800000 	/Library/Java/JavaVirtualMachines/jdk1.8.0_45.jdk/Contents/Home/jre/lib/server/libjvm.dylib
0x000000000384b000 	/usr/lib/libstdc++.6.dylib
0x0000000101f37000 	/Library/Java/JavaVirtualMachines/jdk1.8.0_45.jdk/Contents/Home/jre/lib/libverify.dylib
0x0000000101f45000 	/Library/Java/JavaVirtualMachines/jdk1.8.0_45.jdk/Contents/Home/jre/lib/libjava.dylib
0x0000000101f84000 	/Library/Java/JavaVirtualMachines/jdk1.8.0_45.jdk/Contents/Home/jre/lib/libzip.dylib
0x000000011903b000 	/System/Library/Frameworks/JavaVM.framework/Frameworks/JavaRuntimeSupport.framework/JavaRuntimeSupport
0x0000000119056000 	/System/Library/Frameworks/JavaVM.framework/Versions/A/Frameworks/JavaNativeFoundation.framework/Versions/A/JavaNativeFoundation
0x000000011906b000 	/System/Library/Frameworks/JavaVM.framework/Versions/A/JavaVM
0x000000000384b000 	/System/Library/Frameworks/Carbon.framework/Versions/A/Carbon
0x0000000119078000 	/System/Library/PrivateFrameworks/JavaLaunching.framework/Versions/A/JavaLaunching
0x000000000384b000 	/System/Library/Frameworks/Carbon.framework/Versions/A/Frameworks/CommonPanels.framework/Versions/A/CommonPanels
0x000000000384b000 	/System/Library/Frameworks/Carbon.framework/Versions/A/Frameworks/Help.framework/Versions/A/Help
0x000000000384b000 	/System/Library/Frameworks/Carbon.framework/Versions/A/Frameworks/ImageCapture.framework/Versions/A/ImageCapture
0x000000000384b000 	/System/Library/Frameworks/Carbon.framework/Versions/A/Frameworks/OpenScripting.framework/Versions/A/OpenScripting
0x000000000384b000 	/System/Library/Frameworks/Carbon.framework/Versions/A/Frameworks/Print.framework/Versions/A/Print
0x000000000384b000 	/System/Library/Frameworks/Carbon.framework/Versions/A/Frameworks/SecurityHI.framework/Versions/A/SecurityHI
0x000000011aa2b000 	/Library/Java/JavaVirtualMachines/jdk1.8.0_45.jdk/Contents/Home/jre/lib/libprism_es2.dylib
0x000000000384b000 	/System/Library/Frameworks/OpenGL.framework/Versions/A/Resources/GLEngine.bundle/GLEngine
0x000000000384b000 	/System/Library/Frameworks/OpenGL.framework/Versions/A/Libraries/libGLProgrammability.dylib
0x000000011aaab000 	/System/Library/Extensions/AppleIntelHD5000GraphicsGLDriver.bundle/Contents/MacOS/AppleIntelHD5000GraphicsGLDriver
0x000000000384b000 	/System/Library/PrivateFrameworks/GPUSupport.framework/Versions/A/Libraries/libGPUSupportMercury.dylib
0x000000000384b000 	/System/Library/Frameworks/OpenGL.framework/Versions/A/Resources/GLRendererFloat.bundle/GLRendererFloat
0x000000000384b000 	/System/Library/Frameworks/OpenCL.framework/Versions/A/Libraries/libcldcpuengine.dylib
0x000000000384b000 	/System/Library/PrivateFrameworks/DiskImages.framework/Versions/A/DiskImages
0x000000000384b000 	/System/Library/Frameworks/DiscRecording.framework/Versions/A/DiscRecording
0x000000000384b000 	/usr/lib/libcsfde.dylib
0x000000000384b000 	/usr/lib/libcurl.4.dylib
0x000000000384b000 	/System/Library/PrivateFrameworks/MediaKit.framework/Versions/A/MediaKit
0x000000000384b000 	/System/Library/PrivateFrameworks/ProtectedCloudStorage.framework/Versions/A/ProtectedCloudStorage
0x000000000384b000 	/usr/lib/libCoreStorage.dylib
0x000000000384b000 	/System/Library/PrivateFrameworks/EFILogin.framework/Versions/A/EFILogin
0x000000000384b000 	/usr/lib/libutil.dylib
0x000000000384b000 	/System/Library/PrivateFrameworks/FindMyDevice.framework/Versions/A/FindMyDevice
0x000000000384b000 	/System/Library/Frameworks/LDAP.framework/Versions/A/LDAP
0x000000000384b000 	/usr/lib/libsasl2.2.dylib
0x000000000384b000 	/System/Library/PrivateFrameworks/CoreDaemon.framework/Versions/B/CoreDaemon
0x000000000384b000 	/usr/lib/libcrypto.0.9.8.dylib
0x000000000384b000 	/System/Library/PrivateFrameworks/AppleSRP.framework/Versions/A/AppleSRP
0x000000000384b000 	/System/Library/PrivateFrameworks/TrustEvaluationAgent.framework/Versions/A/TrustEvaluationAgent
0x000000011b639000 	/Library/Java/JavaVirtualMachines/jdk1.8.0_45.jdk/Contents/Home/jre/lib/libglass.dylib
0x000000000384b000 	/System/Library/PrivateFrameworks/CoreServicesInternal.framework/Versions/A/CoreServicesInternal
0x000000000384b000 	/System/Library/CoreServices/RawCamera.bundle/Contents/MacOS/RawCamera
0x000000000384b000 	/System/Library/Frameworks/CoreGraphics.framework/Versions/A/Resources/libRIP.A.dylib
0x000000000384b000 	/System/Library/Frameworks/Accelerate.framework/Versions/A/Frameworks/vImage.framework/Versions/A/Libraries/libCGInterfaces.dylib
0x000000000384b000 	/System/Library/PrivateFrameworks/FamilyControls.framework/Versions/A/FamilyControls
0x000000000384b000 	/System/Library/PrivateFrameworks/CommerceKit.framework/Versions/A/Frameworks/CommerceCore.framework/Versions/A/CommerceCore
0x000000000384b000 	/System/Library/PrivateFrameworks/SystemAdministration.framework/Versions/A/SystemAdministration
0x000000000384b000 	/System/Library/PrivateFrameworks/AppContainer.framework/Versions/A/AppContainer
0x000000000384b000 	/System/Library/PrivateFrameworks/SecCodeWrapper.framework/Versions/A/SecCodeWrapper
0x000000000384b000 	/System/Library/Frameworks/DirectoryService.framework/Versions/A/DirectoryService
0x000000000384b000 	/System/Library/PrivateFrameworks/LoginUIKit.framework/Versions/A/Frameworks/LoginUICore.framework/Versions/A/LoginUICore
0x000000000384b000 	/usr/lib/libodfde.dylib
0x000000000384b000 	/System/Library/Frameworks/CoreGraphics.framework/Versions/A/Resources/libCGXType.A.dylib
0x000000011f91e000 	cl_kernels
0x000000000384b000 	/System/Library/Frameworks/OpenCL.framework/Versions/A/Libraries/ImageFormats/unorm8_bgra.dylib
0x000000000384b000 	/System/Library/Frameworks/OpenCL.framework/Versions/A/Libraries/ImageFormats/unorm8_rgba.dylib
0x000000011c569000 	/Library/Java/JavaVirtualMachines/jdk1.8.0_45.jdk/Contents/Home/jre/lib/libnet.dylib
0x000000011c527000 	/Library/Java/JavaVirtualMachines/jdk1.8.0_45.jdk/Contents/Home/jre/lib/libjavafx_font.dylib
0x000000011eaf6000 	/Library/Java/JavaVirtualMachines/jdk1.8.0_45.jdk/Contents/Home/jre/lib/libprism_common.dylib
0x000000011c3b6000 	/Library/Java/JavaVirtualMachines/jdk1.8.0_45.jdk/Contents/Home/jre/lib/libnio.dylib
0x0000000121cde000 	/System/Library/Extensions/AppleIntelHD5000GraphicsMTLDriver.bundle/Contents/MacOS/AppleIntelHD5000GraphicsMTLDriver

VM Arguments:
jvm_args: -Dfile.encoding=UTF-8 
java_command: /Users/hassan/NetBeansProjects/TeleMart/TeleMart/dist/run1311898911/TeleMart.jar
java_class_path (initial): /Users/hassan/NetBeansProjects/TeleMart/TeleMart/dist/run1311898911/TeleMart.jar
Launcher Type: SUN_STANDARD

Environment Variables:
PATH=/usr/bin:/bin:/usr/sbin:/sbin
LD_LIBRARY_PATH=/Library/Java/JavaVirtualMachines/jdk1.8.0_45.jdk/Contents/Home/jre/lib/amd64:/Library/Java/JavaVirtualMachines/jdk1.8.0_45.jdk/Contents/Home/jre/lib/i386:
SHELL=/bin/bash

Signal Handlers:
SIGSEGV: [libjvm.dylib+0x58ef95], sa_mask[0]=11111111011111110111111111111111, sa_flags=SA_ONSTACK|SA_RESTART|SA_SIGINFO
SIGBUS: [libjvm.dylib+0x58ef95], sa_mask[0]=11111111011111110111111111111111, sa_flags=SA_RESTART|SA_SIGINFO
SIGFPE: [libjvm.dylib+0x46c108], sa_mask[0]=11111111011111110111111111111111, sa_flags=SA_RESTART|SA_SIGINFO
SIGPIPE: [libjvm.dylib+0x46c108], sa_mask[0]=11111111011111110111111111111111, sa_flags=SA_RESTART|SA_SIGINFO
SIGXFSZ: [libjvm.dylib+0x46c108], sa_mask[0]=11111111011111110111111111111111, sa_flags=SA_RESTART|SA_SIGINFO
SIGILL: [libjvm.dylib+0x46c108], sa_mask[0]=11111111011111110111111111111111, sa_flags=SA_RESTART|SA_SIGINFO
SIGUSR1: SIG_DFL, sa_mask[0]=00000000000000000000000000000000, sa_flags=none
SIGUSR2: [libjvm.dylib+0x46bc26], sa_mask[0]=00100000000000000000000000000000, sa_flags=SA_RESTART|SA_SIGINFO
SIGHUP: [libjvm.dylib+0x46a1f9], sa_mask[0]=11111111011111110111111111111111, sa_flags=SA_RESTART|SA_SIGINFO
SIGINT: SIG_IGN, sa_mask[0]=00000000000000000000000000000000, sa_flags=none
SIGTERM: [libjvm.dylib+0x46a1f9], sa_mask[0]=11111111011111110111111111111111, sa_flags=SA_RESTART|SA_SIGINFO
SIGQUIT: [libjvm.dylib+0x46a1f9], sa_mask[0]=11111111011111110111111111111111, sa_flags=SA_RESTART|SA_SIGINFO


---------------  S Y S T E M  ---------------

OS:Bsduname:Darwin 15.0.0 Darwin Kernel Version 15.0.0: Sat Sep 19 15:53:46 PDT 2015; root:xnu-3247.10.11~1/RELEASE_X86_64 x86_64
rlimit: STACK 8192k, CORE 0k, NPROC 709, NOFILE 10240, AS infinity
load average:2.19 2.10 2.10

CPU:total 4 (2 cores per cpu, 2 threads per core) family 6 model 69 stepping 1, cmov, cx8, fxsr, mmx, sse, sse2, sse3, ssse3, sse4.1, sse4.2, popcnt, avx, avx2, aes, clmul, erms, lzcnt, ht, tsc, tscinvbit, bmi1, bmi2

Memory: 4k page, physical 8388608k(115036k free)

/proc/meminfo:


vm_info: Java HotSpot(TM) 64-Bit Server VM (25.45-b02) for bsd-amd64 JRE (1.8.0_45-b14), built on Apr 10 2015 10:46:38 by "java_re" with gcc 4.2.1 (Based on Apple Inc. build 5658) (LLVM build 2336.11.00)

time: Mon Dec 28 23:52:41 2015
elapsed time: 55 seconds (0d 0h 0m 55s)

